Using pre-set license
Built from '2022.3/staging' branch; Version is '2022.3.28f1 (6bae5ce6b222) revision 7056988'; Using compiler version '192829333'; Build Type 'Release'
OS: 'Windows 11  (10.0.22631) 64bit Professional' Language: 'es' Physical Memory: 98227 MB
BatchMode: 1, IsHumanControllingUs: 0, StartBugReporterOnCrash: 0, Is64bit: 1, IsPro: 1

COMMAND LINE ARGUMENTS:
C:\Program Files\Unity\Hub\Editor\2022.3.28f1\Editor\Unity.exe
-adb2
-batchMode
-noUpm
-name
AssetImportWorker4
-projectPath
D:/Neon-Pulse-The-Infinite-Run/Neon Pulse - The Infinite Run
-logFile
Logs/AssetImportWorker4.log
-srvPort
65263
Successfully changed project path to: D:/Neon-Pulse-The-Infinite-Run/Neon Pulse - The Infinite Run
D:/Neon-Pulse-The-Infinite-Run/Neon Pulse - The Infinite Run
[UnityMemory] Configuration Parameters - Can be set up in boot.config
    "memorysetup-bucket-allocator-granularity=16"
    "memorysetup-bucket-allocator-bucket-count=8"
    "memorysetup-bucket-allocator-block-size=33554432"
    "memorysetup-bucket-allocator-block-count=8"
    "memorysetup-main-allocator-block-size=16777216"
    "memorysetup-thread-allocator-block-size=16777216"
    "memorysetup-gfx-main-allocator-block-size=16777216"
    "memorysetup-gfx-thread-allocator-block-size=16777216"
    "memorysetup-cache-allocator-block-size=4194304"
    "memorysetup-typetree-allocator-block-size=2097152"
    "memorysetup-profiler-bucket-allocator-granularity=16"
    "memorysetup-profiler-bucket-allocator-bucket-count=8"
    "memorysetup-profiler-bucket-allocator-block-size=33554432"
    "memorysetup-profiler-bucket-allocator-block-count=8"
    "memorysetup-profiler-allocator-block-size=16777216"
    "memorysetup-profiler-editor-allocator-block-size=1048576"
    "memorysetup-temp-allocator-size-main=16777216"
    "memorysetup-job-temp-allocator-block-size=2097152"
    "memorysetup-job-temp-allocator-block-size-background=1048576"
    "memorysetup-job-temp-allocator-reduction-small-platforms=262144"
    "memorysetup-allocator-temp-initial-block-size-main=262144"
    "memorysetup-allocator-temp-initial-block-size-worker=262144"
    "memorysetup-temp-allocator-size-background-worker=32768"
    "memorysetup-temp-allocator-size-job-worker=262144"
    "memorysetup-temp-allocator-size-preload-manager=33554432"
    "memorysetup-temp-allocator-size-nav-mesh-worker=65536"
    "memorysetup-temp-allocator-size-audio-worker=65536"
    "memorysetup-temp-allocator-size-cloud-worker=32768"
    "memorysetup-temp-allocator-size-gi-baking-worker=262144"
    "memorysetup-temp-allocator-size-gfx=262144"
Player connection [35956] Host "[IP] 192.168.50.36 [Port] 0 [Flags] 2 [Guid] 1089442671 [EditorId] 1089442671 [Version] 1048832 [Id] WindowsEditor(7,LAURA) [Debug] 1 [PackageName] WindowsEditor [ProjectName] Editor" joined multi-casting on [225.0.0.222:54997]...

Player connection [35956] Host "[IP] 192.168.50.36 [Port] 0 [Flags] 2 [Guid] 1089442671 [EditorId] 1089442671 [Version] 1048832 [Id] WindowsEditor(7,LAURA) [Debug] 1 [PackageName] WindowsEditor [ProjectName] Editor" joined alternative multi-casting on [225.0.0.222:34997]...

[Physics::Module] Initialized MultithreadedJobDispatcher with 15 workers.
Refreshing native plugins compatible for Editor in 6.08 ms, found 3 plugins.
Preloading 0 native plugins for Editor in 0.00 ms.
Initialize engine version: 2022.3.28f1 (6bae5ce6b222)
[Subsystems] Discovering subsystems at path C:/Program Files/Unity/Hub/Editor/2022.3.28f1/Editor/Data/Resources/UnitySubsystems
[Subsystems] Discovering subsystems at path D:/Neon-Pulse-The-Infinite-Run/Neon Pulse - The Infinite Run/Assets
GfxDevice: creating device client; threaded=0; jobified=0
Direct3D:
    Version:  Direct3D 11.0 [level 11.1]
    Renderer: NVIDIA GeForce RTX 3060 (ID=0x2504)
    Vendor:   NVIDIA
    VRAM:     12115 MB
    Driver:   32.0.15.6603
Initialize mono
Mono path[0] = 'C:/Program Files/Unity/Hub/Editor/2022.3.28f1/Editor/Data/Managed'
Mono path[1] = 'C:/Program Files/Unity/Hub/Editor/2022.3.28f1/Editor/Data/MonoBleedingEdge/lib/mono/unityjit-win32'
Mono config path = 'C:/Program Files/Unity/Hub/Editor/2022.3.28f1/Editor/Data/MonoBleedingEdge/etc'
Using monoOptions --debugger-agent=transport=dt_socket,embedding=1,server=y,suspend=n,address=127.0.0.1:56404
Begin MonoManager ReloadAssembly
Registering precompiled unity dll's ...
Register platform support module: C:/Program Files/Unity/Hub/Editor/2022.3.28f1/Editor/Data/PlaybackEngines/WebGLSupport/UnityEditor.WebGL.Extensions.dll
Register platform support module: C:/Program Files/Unity/Hub/Editor/2022.3.28f1/Editor/Data/PlaybackEngines/WindowsStandaloneSupport/UnityEditor.WindowsStandalone.Extensions.dll
Registered in 0.008841 seconds.
- Loaded All Assemblies, in  0.423 seconds
Native extension for WindowsStandalone target not found
Native extension for WebGL target not found
Mono: successfully reloaded assembly
- Finished resetting the current domain, in  0.327 seconds
Domain Reload Profiling: 748ms
	BeginReloadAssembly (127ms)
		ExecutionOrderSort (0ms)
		DisableScriptedObjects (0ms)
		BackupInstance (0ms)
		ReleaseScriptingObjects (0ms)
		CreateAndSetChildDomain (1ms)
	RebuildCommonClasses (40ms)
	RebuildNativeTypeToScriptingClass (10ms)
	initialDomainReloadingComplete (70ms)
	LoadAllAssembliesAndSetupDomain (174ms)
		LoadAssemblies (120ms)
		RebuildTransferFunctionScriptingTraits (0ms)
		AnalyzeDomain (171ms)
			TypeCache.Refresh (170ms)
				TypeCache.ScanAssembly (148ms)
			ScanForSourceGeneratedMonoScriptInfo (1ms)
			ResolveRequiredComponents (0ms)
	FinalizeReload (328ms)
		ReleaseScriptCaches (0ms)
		RebuildScriptCaches (0ms)
		SetupLoadedEditorAssemblies (261ms)
			LogAssemblyErrors (0ms)
			InitializePlatformSupportModulesInManaged (12ms)
			SetLoadedEditorAssemblies (7ms)
			RefreshPlugins (0ms)
			BeforeProcessingInitializeOnLoad (2ms)
			ProcessInitializeOnLoadAttributes (180ms)
			ProcessInitializeOnLoadMethodAttributes (59ms)
			AfterProcessingInitializeOnLoad (0ms)
			EditorAssembliesLoaded (0ms)
		ExecutionOrderSort2 (0ms)
		AwakeInstancesAfterBackupRestoration (0ms)
========================================================================
Worker process is ready to serve import requests
Begin MonoManager ReloadAssembly
- Loaded All Assemblies, in  0.568 seconds
Refreshing native plugins compatible for Editor in 1.95 ms, found 3 plugins.
Native extension for WindowsStandalone target not found
Native extension for WebGL target not found
Package Manager log level set to [2]
[Package Manager] Server::EnsureServerProcessIsRunning -- launch failed, reason: Unity was launched with the -noUpm command-line argument
[Package Manager] UpmClient::Send -- Unable to send message (not connected to UPM process).
[Package Manager] Cannot connect to Unity Package Manager local server
Mono: successfully reloaded assembly
- Finished resetting the current domain, in  0.674 seconds
Domain Reload Profiling: 1240ms
	BeginReloadAssembly (128ms)
		ExecutionOrderSort (0ms)
		DisableScriptedObjects (4ms)
		BackupInstance (0ms)
		ReleaseScriptingObjects (0ms)
		CreateAndSetChildDomain (20ms)
	RebuildCommonClasses (29ms)
	RebuildNativeTypeToScriptingClass (9ms)
	initialDomainReloadingComplete (36ms)
	LoadAllAssembliesAndSetupDomain (363ms)
		LoadAssemblies (277ms)
		RebuildTransferFunctionScriptingTraits (0ms)
		AnalyzeDomain (162ms)
			TypeCache.Refresh (142ms)
				TypeCache.ScanAssembly (128ms)
			ScanForSourceGeneratedMonoScriptInfo (15ms)
			ResolveRequiredComponents (4ms)
	FinalizeReload (674ms)
		ReleaseScriptCaches (0ms)
		RebuildScriptCaches (0ms)
		SetupLoadedEditorAssemblies (555ms)
			LogAssemblyErrors (0ms)
			InitializePlatformSupportModulesInManaged (8ms)
			SetLoadedEditorAssemblies (3ms)
			RefreshPlugins (0ms)
			BeforeProcessingInitializeOnLoad (51ms)
			ProcessInitializeOnLoadAttributes (471ms)
			ProcessInitializeOnLoadMethodAttributes (15ms)
			AfterProcessingInitializeOnLoad (7ms)
			EditorAssembliesLoaded (0ms)
		ExecutionOrderSort2 (0ms)
		AwakeInstancesAfterBackupRestoration (7ms)
Launched and connected shader compiler UnityShaderCompiler.exe after 0.05 seconds
Refreshing native plugins compatible for Editor in 1.81 ms, found 3 plugins.
Preloading 0 native plugins for Editor in 0.00 ms.
Unloading 3535 Unused Serialized files (Serialized files now loaded: 0)
Unloading 40 unused Assets / (58.7 KB). Loaded Objects now: 4003.
Memory consumption went from 139.3 MB to 139.2 MB.
Total: 3.927400 ms (FindLiveObjects: 0.318400 ms CreateObjectMapping: 0.182400 ms MarkObjects: 3.310100 ms  DeleteObjects: 0.115500 ms)

AssetImportParameters requested are different than current active one (requested -> active):
  custom:container-demuxer-ogg: 62fdf1f143b41e24485cea50d1cbac27 -> 
  custom:video-codec-MediaFoundation-h265: 746d11721c4dcdbdad8f713fa42b33f4 -> 
  custom:video-decoder-ogg-theora: a1e56fd34408186e4bbccfd4996cb3dc -> 
  custom:framework-win-MediaFoundation: 216162199b28c13a410421893ffa2e32 -> 
  custom:CustomObjectIndexerAttribute: 9a22284fe3817be447336de3de66b15e -> 
  custom:container-demuxer-webm: 4f35f7cbe854078d1ac9338744f61a02 -> 
  custom:container-muxer-webm: aa71ff27fc2769a1b78a27578f13a17b -> 
  custom:video-decoder-webm-vp8: 9c59270c3fd7afecdb556c50c9e8de78 -> 
  custom:SearchIndexIgnoredProperties: e643bd26f0fe6173181afceb89e7c659 -> 
  custom:AudioImporter_EditorPlatform: d09bf68614088b80899f8185d706f6e7 -> 
  custom:video-encoder-webm-vp8: eb34c28f22e8b96e1ab97ce403110664 -> 
  custom:audio-decoder-ogg-vorbis: bf7c407c2cedff20999df2af8eb42d56 -> 
  custom:audio-encoder-webm-vorbis: bf7c407c2cedff20999df2af8eb42d56 -> 
========================================================================
Received Import Request.
  Time since last request: 74923.485452 seconds.
  path: Assets/PolygonSciFiCity/Prefabs/Props/SM_Prop_DeadZub_04.prefab
  artifactKey: Guid(ee6ed23ee9722a047901ce6ae24e844f) Importer(815301076,1909f56bfc062723c751e8b465ee728b)
Start importing Assets/PolygonSciFiCity/Prefabs/Props/SM_Prop_DeadZub_04.prefab using Guid(ee6ed23ee9722a047901ce6ae24e844f) Importer(815301076,1909f56bfc062723c751e8b465ee728b)  -> (artifact id: 'c0a3c5c37d7928bffcdd29883cb0b289') in 0.199201 seconds
Number of updated asset objects reloaded before import = 0
Number of asset objects unloaded after import = 15
========================================================================
Received Import Request.
  Time since last request: 0.000027 seconds.
  path: Assets/PolygonSciFiCity/Prefabs/Props/SM_Prop_Door_03.prefab
  artifactKey: Guid(69ecde87dde10024bbddde222adba714) Importer(815301076,1909f56bfc062723c751e8b465ee728b)
Start importing Assets/PolygonSciFiCity/Prefabs/Props/SM_Prop_Door_03.prefab using Guid(69ecde87dde10024bbddde222adba714) Importer(815301076,1909f56bfc062723c751e8b465ee728b)  -> (artifact id: '5922902699084a7500e22af83cae258c') in 0.053385 seconds
Number of updated asset objects reloaded before import = 0
Number of asset objects unloaded after import = 21
========================================================================
Received Import Request.
  Time since last request: 0.235208 seconds.
  path: Assets/PolygonSciFiCity/Prefabs/Props/SM_Prop_Flags_01.prefab
  artifactKey: Guid(01ece1de39236dc42930221384647aec) Importer(815301076,1909f56bfc062723c751e8b465ee728b)
Start importing Assets/PolygonSciFiCity/Prefabs/Props/SM_Prop_Flags_01.prefab using Guid(01ece1de39236dc42930221384647aec) Importer(815301076,1909f56bfc062723c751e8b465ee728b)  -> (artifact id: '8a6415f045d8790d8831a5325ad6e587') in 0.052719 seconds
Number of updated asset objects reloaded before import = 0
Number of asset objects unloaded after import = 15
========================================================================
Received Import Request.
  Time since last request: 0.000015 seconds.
  path: Assets/PolygonSciFiCity/Prefabs/Props/SM_Prop_Glass_02.prefab
  artifactKey: Guid(71e12bf9f7fd2e6449c9b8804e2f9b49) Importer(815301076,1909f56bfc062723c751e8b465ee728b)
Start importing Assets/PolygonSciFiCity/Prefabs/Props/SM_Prop_Glass_02.prefab using Guid(71e12bf9f7fd2e6449c9b8804e2f9b49) Importer(815301076,1909f56bfc062723c751e8b465ee728b)  -> (artifact id: 'ddb85d747dfe660be04902a1d3abcb37') in 0.044924 seconds
Number of updated asset objects reloaded before import = 0
Number of asset objects unloaded after import = 21
========================================================================
Received Import Request.
  Time since last request: 0.000012 seconds.
  path: Assets/PolygonSciFiCity/Prefabs/Props/SM_Prop_Hologram_Pizza_01.prefab
  artifactKey: Guid(2c73cdfb2428d34439778c7b24037932) Importer(815301076,1909f56bfc062723c751e8b465ee728b)
Start importing Assets/PolygonSciFiCity/Prefabs/Props/SM_Prop_Hologram_Pizza_01.prefab using Guid(2c73cdfb2428d34439778c7b24037932) Importer(815301076,1909f56bfc062723c751e8b465ee728b)  -> (artifact id: '087d5facb0366f5165e70e36310116b3') in 0.118566 seconds
Number of updated asset objects reloaded before import = 0
Number of asset objects unloaded after import = 21
========================================================================
Received Import Request.
  Time since last request: 0.000022 seconds.
  path: Assets/PolygonSciFiCity/Prefabs/Props/SM_Prop_Hologram_Bottle_02.prefab
  artifactKey: Guid(20ce11b57cae03a4d87f17a803c49111) Importer(815301076,1909f56bfc062723c751e8b465ee728b)
Start importing Assets/PolygonSciFiCity/Prefabs/Props/SM_Prop_Hologram_Bottle_02.prefab using Guid(20ce11b57cae03a4d87f17a803c49111) Importer(815301076,1909f56bfc062723c751e8b465ee728b)  -> (artifact id: 'e21c1aafa2d979875e6f4262082be109') in 0.032498 seconds
Number of updated asset objects reloaded before import = 0
Number of asset objects unloaded after import = 21
========================================================================
Received Import Request.
  Time since last request: 6.955878 seconds.
  path: Assets/PolygonSciFiCity/Prefabs/Props/SM_Prop_Jar_03.prefab
  artifactKey: Guid(39e72f04f616c8145828375374be74e0) Importer(815301076,1909f56bfc062723c751e8b465ee728b)
Start importing Assets/PolygonSciFiCity/Prefabs/Props/SM_Prop_Jar_03.prefab using Guid(39e72f04f616c8145828375374be74e0) Importer(815301076,1909f56bfc062723c751e8b465ee728b)  -> (artifact id: '6c1b78702d9dfc711466d4eccb618adb') in 0.072010 seconds
Number of updated asset objects reloaded before import = 0
Number of asset objects unloaded after import = 22
========================================================================
Received Import Request.
  Time since last request: 0.000014 seconds.
  path: Assets/PolygonSciFiCity/Prefabs/Props/SM_Prop_MarketCover_04.prefab
  artifactKey: Guid(2116cbffcdc93b54da3cf623bfa07ffd) Importer(815301076,1909f56bfc062723c751e8b465ee728b)
Start importing Assets/PolygonSciFiCity/Prefabs/Props/SM_Prop_MarketCover_04.prefab using Guid(2116cbffcdc93b54da3cf623bfa07ffd) Importer(815301076,1909f56bfc062723c751e8b465ee728b)  -> (artifact id: 'f8ace5dc0d94974861a747cf54fc79e6') in 0.047466 seconds
Number of updated asset objects reloaded before import = 0
Number of asset objects unloaded after import = 15
========================================================================
Received Import Request.
  Time since last request: 0.000012 seconds.
  path: Assets/PolygonSciFiCity/Prefabs/Props/SM_Prop_Meter_01.prefab
  artifactKey: Guid(ddece26d5bd591d4a9101773229e67aa) Importer(815301076,1909f56bfc062723c751e8b465ee728b)
Start importing Assets/PolygonSciFiCity/Prefabs/Props/SM_Prop_Meter_01.prefab using Guid(ddece26d5bd591d4a9101773229e67aa) Importer(815301076,1909f56bfc062723c751e8b465ee728b)  -> (artifact id: '2b0756876a524ca49ad98c8efa7c1ac6') in 0.046527 seconds
Number of updated asset objects reloaded before import = 0
Number of asset objects unloaded after import = 15
========================================================================
Received Import Request.
  Time since last request: 0.000017 seconds.
  path: Assets/PolygonSciFiCity/Prefabs/Props/SM_Prop_Pipes_01.prefab
  artifactKey: Guid(ae8a07d8f8f6c28428b661a2a622cc7c) Importer(815301076,1909f56bfc062723c751e8b465ee728b)
Start importing Assets/PolygonSciFiCity/Prefabs/Props/SM_Prop_Pipes_01.prefab using Guid(ae8a07d8f8f6c28428b661a2a622cc7c) Importer(815301076,1909f56bfc062723c751e8b465ee728b)  -> (artifact id: '36d604400a252042c4b3813f324caf54') in 0.045916 seconds
Number of updated asset objects reloaded before import = 0
Number of asset objects unloaded after import = 15
========================================================================
Received Import Request.
  Time since last request: 0.000028 seconds.
  path: Assets/PolygonSciFiCity/Prefabs/Props/SM_Prop_Pillar_02.prefab
  artifactKey: Guid(a6ef39decdd8823418a28d63543c77ea) Importer(815301076,1909f56bfc062723c751e8b465ee728b)
Start importing Assets/PolygonSciFiCity/Prefabs/Props/SM_Prop_Pillar_02.prefab using Guid(a6ef39decdd8823418a28d63543c77ea) Importer(815301076,1909f56bfc062723c751e8b465ee728b)  -> (artifact id: '13a03423ca52da53aa4cdf1a01b49a06') in 0.046300 seconds
Number of updated asset objects reloaded before import = 0
Number of asset objects unloaded after import = 15
========================================================================
Received Import Request.
  Time since last request: 0.000015 seconds.
  path: Assets/PolygonSciFiCity/Prefabs/Props/SM_Prop_MarketTable_05.prefab
  artifactKey: Guid(8105bb799c54ba640b347de3be074822) Importer(815301076,1909f56bfc062723c751e8b465ee728b)
Start importing Assets/PolygonSciFiCity/Prefabs/Props/SM_Prop_MarketTable_05.prefab using Guid(8105bb799c54ba640b347de3be074822) Importer(815301076,1909f56bfc062723c751e8b465ee728b)  -> (artifact id: '8fcda00d4786cd88340d2ab0e291f45d') in 0.050659 seconds
Number of updated asset objects reloaded before import = 0
Number of asset objects unloaded after import = 15
========================================================================
Received Import Request.
  Time since last request: 0.000016 seconds.
  path: Assets/PolygonSciFiCity/Prefabs/Props/SM_Prop_Overhang_01.prefab
  artifactKey: Guid(799bc30141649c94b83c28803d619b42) Importer(815301076,1909f56bfc062723c751e8b465ee728b)
Start importing Assets/PolygonSciFiCity/Prefabs/Props/SM_Prop_Overhang_01.prefab using Guid(799bc30141649c94b83c28803d619b42) Importer(815301076,1909f56bfc062723c751e8b465ee728b)  -> (artifact id: '2b130b52a88e1c8337b1f663cbc5d848') in 0.047716 seconds
Number of updated asset objects reloaded before import = 0
Number of asset objects unloaded after import = 15
========================================================================
Received Import Request.
  Time since last request: 0.000018 seconds.
  path: Assets/PolygonSciFiCity/Prefabs/Props/SM_Prop_Meat_01.prefab
  artifactKey: Guid(90d280cf6012eb64484448f1ae076fe2) Importer(815301076,1909f56bfc062723c751e8b465ee728b)
Start importing Assets/PolygonSciFiCity/Prefabs/Props/SM_Prop_Meat_01.prefab using Guid(90d280cf6012eb64484448f1ae076fe2) Importer(815301076,1909f56bfc062723c751e8b465ee728b)  -> (artifact id: '4ba3498dd06a2dfa4e0775d4b5554989') in 0.043911 seconds
Number of updated asset objects reloaded before import = 0
Number of asset objects unloaded after import = 15
========================================================================
Received Import Request.
  Time since last request: 0.000024 seconds.
  path: Assets/PolygonSciFiCity/Prefabs/Props/SM_Prop_Overhang_02.prefab
  artifactKey: Guid(cbec88d910318dd4486719acc336405c) Importer(815301076,1909f56bfc062723c751e8b465ee728b)
Start importing Assets/PolygonSciFiCity/Prefabs/Props/SM_Prop_Overhang_02.prefab using Guid(cbec88d910318dd4486719acc336405c) Importer(815301076,1909f56bfc062723c751e8b465ee728b)  -> (artifact id: '953af2de5dfaaf51442f7301e596605d') in 0.047520 seconds
Number of updated asset objects reloaded before import = 0
Number of asset objects unloaded after import = 15
========================================================================
Received Import Request.
  Time since last request: 0.000038 seconds.
  path: Assets/PolygonSciFiCity/Prefabs/Props/SM_Prop_Pillar_01.prefab
  artifactKey: Guid(0b1d025fb128aef49a9892bd63865ced) Importer(815301076,1909f56bfc062723c751e8b465ee728b)
Start importing Assets/PolygonSciFiCity/Prefabs/Props/SM_Prop_Pillar_01.prefab using Guid(0b1d025fb128aef49a9892bd63865ced) Importer(815301076,1909f56bfc062723c751e8b465ee728b)  -> (artifact id: 'd80cbd36f685dca77291cabcbbc07ade') in 0.041317 seconds
Number of updated asset objects reloaded before import = 0
Number of asset objects unloaded after import = 15
========================================================================
Received Import Request.
  Time since last request: 0.000023 seconds.
  path: Assets/PolygonSciFiCity/Prefabs/Props/SM_Prop_Medical_Chair_01.prefab
  artifactKey: Guid(ccd6d67b70474f04a8529bd7d4461ecf) Importer(815301076,1909f56bfc062723c751e8b465ee728b)
Start importing Assets/PolygonSciFiCity/Prefabs/Props/SM_Prop_Medical_Chair_01.prefab using Guid(ccd6d67b70474f04a8529bd7d4461ecf) Importer(815301076,1909f56bfc062723c751e8b465ee728b)  -> (artifact id: '34fffc174fd41278f38ba56b15a8b15d') in 0.046462 seconds
Number of updated asset objects reloaded before import = 0
Number of asset objects unloaded after import = 15
========================================================================
Received Import Request.
  Time since last request: 0.814491 seconds.
  path: Assets/PolygonSciFiCity/Prefabs/Props/SM_Prop_Posters_03.prefab
  artifactKey: Guid(0a257c3bc10a86c4abdc82e3baec91e1) Importer(815301076,1909f56bfc062723c751e8b465ee728b)
Start importing Assets/PolygonSciFiCity/Prefabs/Props/SM_Prop_Posters_03.prefab using Guid(0a257c3bc10a86c4abdc82e3baec91e1) Importer(815301076,1909f56bfc062723c751e8b465ee728b)  -> (artifact id: '37bcabe6648e87e9774de23388cf0769') in 0.008046 seconds
Number of updated asset objects reloaded before import = 0
Number of asset objects unloaded after import = 9
========================================================================
Received Import Request.
  Time since last request: 0.000018 seconds.
  path: Assets/PolygonSciFiCity/Prefabs/Props/SM_Prop_Robotic_Part_03.prefab
  artifactKey: Guid(a62263789022a4144a2c8197c988d42e) Importer(815301076,1909f56bfc062723c751e8b465ee728b)
Start importing Assets/PolygonSciFiCity/Prefabs/Props/SM_Prop_Robotic_Part_03.prefab using Guid(a62263789022a4144a2c8197c988d42e) Importer(815301076,1909f56bfc062723c751e8b465ee728b)  -> (artifact id: 'd4f4a30491adc2df435d94ba1ec55442') in 0.042162 seconds
Number of updated asset objects reloaded before import = 0
Number of asset objects unloaded after import = 15
========================================================================
Received Import Request.
  Time since last request: 0.000018 seconds.
  path: Assets/PolygonSciFiCity/Prefabs/Props/SM_Prop_Robotic_Part_02.prefab
  artifactKey: Guid(d706e3bea7d32ea4b91e08975d63320f) Importer(815301076,1909f56bfc062723c751e8b465ee728b)
Start importing Assets/PolygonSciFiCity/Prefabs/Props/SM_Prop_Robotic_Part_02.prefab using Guid(d706e3bea7d32ea4b91e08975d63320f) Importer(815301076,1909f56bfc062723c751e8b465ee728b)  -> (artifact id: '23948b9c7e4b97d3dcdd070c71b3765c') in 0.046519 seconds
Number of updated asset objects reloaded before import = 0
Number of asset objects unloaded after import = 15
========================================================================
Received Import Request.
  Time since last request: 0.000025 seconds.
  path: Assets/PolygonSciFiCity/Prefabs/Props/SM_Prop_Robotic_Part_08.prefab
  artifactKey: Guid(27eb572e088b5a1419c89e16aeee7a18) Importer(815301076,1909f56bfc062723c751e8b465ee728b)
Start importing Assets/PolygonSciFiCity/Prefabs/Props/SM_Prop_Robotic_Part_08.prefab using Guid(27eb572e088b5a1419c89e16aeee7a18) Importer(815301076,1909f56bfc062723c751e8b465ee728b)  -> (artifact id: '2a82bd614fd4783f408ae7aa9f0658cf') in 0.053320 seconds
Number of updated asset objects reloaded before import = 0
Number of asset objects unloaded after import = 15
========================================================================
Received Import Request.
  Time since last request: 0.074140 seconds.
  path: Assets/PolygonSciFiCity/Prefabs/Props/SM_Prop_Rubbish_Paper_02.prefab
  artifactKey: Guid(48d192eb8a23949438252bf695765d4d) Importer(815301076,1909f56bfc062723c751e8b465ee728b)
Start importing Assets/PolygonSciFiCity/Prefabs/Props/SM_Prop_Rubbish_Paper_02.prefab using Guid(48d192eb8a23949438252bf695765d4d) Importer(815301076,1909f56bfc062723c751e8b465ee728b)  -> (artifact id: '7ff48fdf642363b38ecd760789674bea') in 0.047293 seconds
Number of updated asset objects reloaded before import = 0
Number of asset objects unloaded after import = 16
========================================================================
Received Import Request.
  Time since last request: 0.000014 seconds.
  path: Assets/PolygonSciFiCity/Prefabs/Props/SM_Prop_SciFi_Pad_01.prefab
  artifactKey: Guid(d7a17a433ce072c4f9a1e52299cf0569) Importer(815301076,1909f56bfc062723c751e8b465ee728b)
Start importing Assets/PolygonSciFiCity/Prefabs/Props/SM_Prop_SciFi_Pad_01.prefab using Guid(d7a17a433ce072c4f9a1e52299cf0569) Importer(815301076,1909f56bfc062723c751e8b465ee728b)  -> (artifact id: '96148976ed600beece22ad6e9cca0204') in 0.046236 seconds
Number of updated asset objects reloaded before import = 0
Number of asset objects unloaded after import = 15
========================================================================
Received Import Request.
  Time since last request: 0.000015 seconds.
  path: Assets/PolygonSciFiCity/Prefabs/Props/SM_Prop_Security_Scanner_01.prefab
  artifactKey: Guid(535a9a71db4d0294b9bb9b868e7a6124) Importer(815301076,1909f56bfc062723c751e8b465ee728b)
Start importing Assets/PolygonSciFiCity/Prefabs/Props/SM_Prop_Security_Scanner_01.prefab using Guid(535a9a71db4d0294b9bb9b868e7a6124) Importer(815301076,1909f56bfc062723c751e8b465ee728b)  -> (artifact id: '43bcce905851f51fe6b7ddf914e84dc5') in 0.046424 seconds
Number of updated asset objects reloaded before import = 0
Number of asset objects unloaded after import = 19
========================================================================
Received Import Request.
  Time since last request: 0.000016 seconds.
  path: Assets/PolygonSciFiCity/Prefabs/Props/SM_Prop_SatDish_01.prefab
  artifactKey: Guid(784a5c4eb3c45c04fa8878f5823ab905) Importer(815301076,1909f56bfc062723c751e8b465ee728b)
Start importing Assets/PolygonSciFiCity/Prefabs/Props/SM_Prop_SatDish_01.prefab using Guid(784a5c4eb3c45c04fa8878f5823ab905) Importer(815301076,1909f56bfc062723c751e8b465ee728b)  -> (artifact id: '32129a1ef3f58e941849d4328a2d05b1') in 0.046280 seconds
Number of updated asset objects reloaded before import = 0
Number of asset objects unloaded after import = 15
========================================================================
Received Import Request.
  Time since last request: 0.553998 seconds.
  path: Assets/PolygonSciFiCity/Prefabs/Props/SM_Prop_Shelf_01.prefab
  artifactKey: Guid(0dd2230605e7ead498df7ef8a2de3871) Importer(815301076,1909f56bfc062723c751e8b465ee728b)
Start importing Assets/PolygonSciFiCity/Prefabs/Props/SM_Prop_Shelf_01.prefab using Guid(0dd2230605e7ead498df7ef8a2de3871) Importer(815301076,1909f56bfc062723c751e8b465ee728b)  -> (artifact id: '50067e9db387d7e7e2d14fe00b890202') in 0.046607 seconds
Number of updated asset objects reloaded before import = 0
Number of asset objects unloaded after import = 15
========================================================================
Received Import Request.
  Time since last request: 0.000012 seconds.
  path: Assets/PolygonSciFiCity/Prefabs/Props/SM_Prop_Sidewalk_Panel_03.prefab
  artifactKey: Guid(2f98ba775e8c8cc4aaf1e3c44721dfcb) Importer(815301076,1909f56bfc062723c751e8b465ee728b)
Start importing Assets/PolygonSciFiCity/Prefabs/Props/SM_Prop_Sidewalk_Panel_03.prefab using Guid(2f98ba775e8c8cc4aaf1e3c44721dfcb) Importer(815301076,1909f56bfc062723c751e8b465ee728b)  -> (artifact id: '3cb4b6ef4d2810ce7fc69301eb526851') in 0.045406 seconds
Number of updated asset objects reloaded before import = 0
Number of asset objects unloaded after import = 15
========================================================================
Received Import Request.
  Time since last request: 0.000019 seconds.
  path: Assets/PolygonSciFiCity/Prefabs/Props/SM_Prop_Shield_Bubble_01.prefab
  artifactKey: Guid(599739502569ce24a92a65199a378698) Importer(815301076,1909f56bfc062723c751e8b465ee728b)
Start importing Assets/PolygonSciFiCity/Prefabs/Props/SM_Prop_Shield_Bubble_01.prefab using Guid(599739502569ce24a92a65199a378698) Importer(815301076,1909f56bfc062723c751e8b465ee728b)  -> (artifact id: '917c657db2bd282d3bfe8e7b816005b8') in 0.186689 seconds
Number of updated asset objects reloaded before import = 0
Number of asset objects unloaded after import = 10
========================================================================
Received Import Request.
  Time since last request: 4.320822 seconds.
  path: Assets/PolygonSciFiCity/Prefabs/Props/SM_Prop_Sidewalk_Pipe_02.prefab
  artifactKey: Guid(58c33bc7eec745449b236f7bbd606abd) Importer(815301076,1909f56bfc062723c751e8b465ee728b)
Start importing Assets/PolygonSciFiCity/Prefabs/Props/SM_Prop_Sidewalk_Pipe_02.prefab using Guid(58c33bc7eec745449b236f7bbd606abd) Importer(815301076,1909f56bfc062723c751e8b465ee728b)  -> (artifact id: '48bee4ba909933b7ffedbf1d21319c61') in 0.143219 seconds
Number of updated asset objects reloaded before import = 0
Number of asset objects unloaded after import = 15
========================================================================
Received Import Request.
  Time since last request: 0.000036 seconds.
  path: Assets/PolygonSciFiCity/Prefabs/Props/SM_Prop_StripClub_Stage_02.prefab
  artifactKey: Guid(92c9289d19c6e074d9c51ea15293c0b2) Importer(815301076,1909f56bfc062723c751e8b465ee728b)
Start importing Assets/PolygonSciFiCity/Prefabs/Props/SM_Prop_StripClub_Stage_02.prefab using Guid(92c9289d19c6e074d9c51ea15293c0b2) Importer(815301076,1909f56bfc062723c751e8b465ee728b)  -> (artifact id: '9ae09c17fa35dc8d05fab64f4c64e3cd') in 0.091373 seconds
Number of updated asset objects reloaded before import = 0
Number of asset objects unloaded after import = 15
========================================================================
Received Import Request.
  Time since last request: 0.000021 seconds.
  path: Assets/PolygonSciFiCity/Prefabs/Props/SM_Prop_Supplies_01.prefab
  artifactKey: Guid(01d2a653d97a0a943a86a3e04664da85) Importer(815301076,1909f56bfc062723c751e8b465ee728b)
Start importing Assets/PolygonSciFiCity/Prefabs/Props/SM_Prop_Supplies_01.prefab using Guid(01d2a653d97a0a943a86a3e04664da85) Importer(815301076,1909f56bfc062723c751e8b465ee728b)  -> (artifact id: 'bac71a02b837269fb9e1903566ca8c08') in 0.114513 seconds
Number of updated asset objects reloaded before import = 0
Number of asset objects unloaded after import = 15
========================================================================
Received Import Request.
  Time since last request: 0.000024 seconds.
  path: Assets/PolygonSciFiCity/Prefabs/Props/SM_Prop_StripClub_Curtain_01.prefab
  artifactKey: Guid(ce309f119085e61408c79a5c1004fef6) Importer(815301076,1909f56bfc062723c751e8b465ee728b)
Start importing Assets/PolygonSciFiCity/Prefabs/Props/SM_Prop_StripClub_Curtain_01.prefab using Guid(ce309f119085e61408c79a5c1004fef6) Importer(815301076,1909f56bfc062723c751e8b465ee728b)  -> (artifact id: '6367e33c6cbc4085220113984e56f586') in 0.030422 seconds
Number of updated asset objects reloaded before import = 0
Number of asset objects unloaded after import = 20
========================================================================
Received Import Request.
  Time since last request: 0.482910 seconds.
  path: Assets/PolygonSciFiCity/Prefabs/Props/SM_Prop_TrashBag_01.prefab
  artifactKey: Guid(6327f3b529212ab4692c4ce3714ab082) Importer(815301076,1909f56bfc062723c751e8b465ee728b)
Start importing Assets/PolygonSciFiCity/Prefabs/Props/SM_Prop_TrashBag_01.prefab using Guid(6327f3b529212ab4692c4ce3714ab082) Importer(815301076,1909f56bfc062723c751e8b465ee728b)  -> (artifact id: 'e4c4a5d7d1a0975b83bd3130136da796') in 0.046369 seconds
Number of updated asset objects reloaded before import = 0
Number of asset objects unloaded after import = 15
========================================================================
Received Import Request.
  Time since last request: 0.000013 seconds.
  path: Assets/PolygonSciFiCity/Prefabs/Props/SM_Prop_WallAttach_Electronics_01.prefab
  artifactKey: Guid(4466056d67f142c4e8369fcf3d717579) Importer(815301076,1909f56bfc062723c751e8b465ee728b)
Start importing Assets/PolygonSciFiCity/Prefabs/Props/SM_Prop_WallAttach_Electronics_01.prefab using Guid(4466056d67f142c4e8369fcf3d717579) Importer(815301076,1909f56bfc062723c751e8b465ee728b)  -> (artifact id: 'e9854a9e4254f4269fb73909291abbe8') in 0.069806 seconds
Number of updated asset objects reloaded before import = 0
Number of asset objects unloaded after import = 15
========================================================================
Received Import Request.
  Time since last request: 0.000018 seconds.
  path: Assets/PolygonSciFiCity/Prefabs/Props/SM_Prop_Wall_Prop_01.prefab
  artifactKey: Guid(44bcc73259db3f74aab6907bbcdc2884) Importer(815301076,1909f56bfc062723c751e8b465ee728b)
Start importing Assets/PolygonSciFiCity/Prefabs/Props/SM_Prop_Wall_Prop_01.prefab using Guid(44bcc73259db3f74aab6907bbcdc2884) Importer(815301076,1909f56bfc062723c751e8b465ee728b)  -> (artifact id: 'a31811585286451dfbb98803c5b0663e') in 0.046997 seconds
Number of updated asset objects reloaded before import = 0
Number of asset objects unloaded after import = 15
========================================================================
Received Import Request.
  Time since last request: 0.000015 seconds.
  path: Assets/PolygonSciFiCity/Prefabs/Props/SM_Prop_VendingMachine_01.prefab
  artifactKey: Guid(8ba9f6f578fbcc14bab044d1234ab1a1) Importer(815301076,1909f56bfc062723c751e8b465ee728b)
Start importing Assets/PolygonSciFiCity/Prefabs/Props/SM_Prop_VendingMachine_01.prefab using Guid(8ba9f6f578fbcc14bab044d1234ab1a1) Importer(815301076,1909f56bfc062723c751e8b465ee728b)  -> (artifact id: 'adbd29318a1ff4ab79ffefe0a463f6b2') in 0.047915 seconds
Number of updated asset objects reloaded before import = 0
Number of asset objects unloaded after import = 15
========================================================================
Received Import Request.
  Time since last request: 0.477046 seconds.
  path: Assets/PolygonSciFiCity/Prefabs/Props/SM_Prop_WallAttach_Electronics_03.prefab
  artifactKey: Guid(e014cae10c3d7df4991c4a01bb69d475) Importer(815301076,1909f56bfc062723c751e8b465ee728b)
Start importing Assets/PolygonSciFiCity/Prefabs/Props/SM_Prop_WallAttach_Electronics_03.prefab using Guid(e014cae10c3d7df4991c4a01bb69d475) Importer(815301076,1909f56bfc062723c751e8b465ee728b)  -> (artifact id: '03c0e65975986f2be26ba3a881a48a57') in 0.039678 seconds
Number of updated asset objects reloaded before import = 0
Number of asset objects unloaded after import = 15
========================================================================
Received Import Request.
  Time since last request: 0.000021 seconds.
  path: Assets/PolygonSciFiCity/Prefabs/Props/SM_Prop_WallAttach_Vent_01.prefab
  artifactKey: Guid(1b5bfd5139bb9a34499e2bd19f82b59c) Importer(815301076,1909f56bfc062723c751e8b465ee728b)
Start importing Assets/PolygonSciFiCity/Prefabs/Props/SM_Prop_WallAttach_Vent_01.prefab using Guid(1b5bfd5139bb9a34499e2bd19f82b59c) Importer(815301076,1909f56bfc062723c751e8b465ee728b)  -> (artifact id: '9c5ac68607c523fb6f064ce9a0a2f944') in 0.046290 seconds
Number of updated asset objects reloaded before import = 0
Number of asset objects unloaded after import = 15
========================================================================
Received Import Request.
  Time since last request: 0.000017 seconds.
  path: Assets/PolygonSciFiCity/Prefabs/Props/SM_Prop_Window_Shutter_01.prefab
  artifactKey: Guid(49e9786a41b5aaf4f837591a70762e30) Importer(815301076,1909f56bfc062723c751e8b465ee728b)
Start importing Assets/PolygonSciFiCity/Prefabs/Props/SM_Prop_Window_Shutter_01.prefab using Guid(49e9786a41b5aaf4f837591a70762e30) Importer(815301076,1909f56bfc062723c751e8b465ee728b)  -> (artifact id: '658bc52ed7981158c5e6abcdb2477d90') in 0.047014 seconds
Number of updated asset objects reloaded before import = 0
Number of asset objects unloaded after import = 15
========================================================================
Received Import Request.
  Time since last request: 0.000013 seconds.
  path: Assets/PolygonSciFiCity/Prefabs/Props/SM_Prop_WallAttach_Vent_04.prefab
  artifactKey: Guid(5b9c893658d816b48aaf50886ac16ef7) Importer(815301076,1909f56bfc062723c751e8b465ee728b)
Start importing Assets/PolygonSciFiCity/Prefabs/Props/SM_Prop_WallAttach_Vent_04.prefab using Guid(5b9c893658d816b48aaf50886ac16ef7) Importer(815301076,1909f56bfc062723c751e8b465ee728b)  -> (artifact id: '4f3eae3055127e3b8c2a0ed2605c45f6') in 0.039523 seconds
Number of updated asset objects reloaded before import = 0
Number of asset objects unloaded after import = 15
Editor requested this worker to shutdown with reason: Scaling down because of idle timeout
TcpMessagingSession - receive error: operation aborted. errorcode: 995, details: La operación de E/S se anuló por una salida de subproceso o por una solicitud de aplicación.
AssetImportWorker is now disconnected from the server
Process exiting
Exiting without the bug reporter. Application will terminate with return code 0