Using pre-set license
Built from '2022.3/staging' branch; Version is '2022.3.28f1 (6bae5ce6b222) revision 7056988'; Using compiler version '192829333'; Build Type 'Release'
OS: 'Windows 11  (10.0.22631) 64bit Professional' Language: 'es' Physical Memory: 98227 MB
BatchMode: 1, IsHumanControllingUs: 0, StartBugReporterOnCrash: 0, Is64bit: 1, IsPro: 1

COMMAND LINE ARGUMENTS:
C:\Program Files\Unity\Hub\Editor\2022.3.28f1\Editor\Unity.exe
-adb2
-batchMode
-noUpm
-name
AssetImportWorker7
-projectPath
D:/Neon-Pulse-The-Infinite-Run/Neon Pulse - The Infinite Run
-logFile
Logs/AssetImportWorker7.log
-srvPort
63469
Successfully changed project path to: D:/Neon-Pulse-The-Infinite-Run/Neon Pulse - The Infinite Run
D:/Neon-Pulse-The-Infinite-Run/Neon Pulse - The Infinite Run
[UnityMemory] Configuration Parameters - Can be set up in boot.config
    "memorysetup-bucket-allocator-granularity=16"
    "memorysetup-bucket-allocator-bucket-count=8"
    "memorysetup-bucket-allocator-block-size=33554432"
    "memorysetup-bucket-allocator-block-count=8"
    "memorysetup-main-allocator-block-size=16777216"
    "memorysetup-thread-allocator-block-size=16777216"
    "memorysetup-gfx-main-allocator-block-size=16777216"
    "memorysetup-gfx-thread-allocator-block-size=16777216"
    "memorysetup-cache-allocator-block-size=4194304"
    "memorysetup-typetree-allocator-block-size=2097152"
    "memorysetup-profiler-bucket-allocator-granularity=16"
    "memorysetup-profiler-bucket-allocator-bucket-count=8"
    "memorysetup-profiler-bucket-allocator-block-size=33554432"
    "memorysetup-profiler-bucket-allocator-block-count=8"
    "memorysetup-profiler-allocator-block-size=16777216"
    "memorysetup-profiler-editor-allocator-block-size=1048576"
    "memorysetup-temp-allocator-size-main=16777216"
    "memorysetup-job-temp-allocator-block-size=2097152"
    "memorysetup-job-temp-allocator-block-size-background=1048576"
    "memorysetup-job-temp-allocator-reduction-small-platforms=262144"
    "memorysetup-allocator-temp-initial-block-size-main=262144"
    "memorysetup-allocator-temp-initial-block-size-worker=262144"
    "memorysetup-temp-allocator-size-background-worker=32768"
    "memorysetup-temp-allocator-size-job-worker=262144"
    "memorysetup-temp-allocator-size-preload-manager=33554432"
    "memorysetup-temp-allocator-size-nav-mesh-worker=65536"
    "memorysetup-temp-allocator-size-audio-worker=65536"
    "memorysetup-temp-allocator-size-cloud-worker=32768"
    "memorysetup-temp-allocator-size-gi-baking-worker=262144"
    "memorysetup-temp-allocator-size-gfx=262144"
Player connection [42220] Host "[IP] 192.168.50.36 [Port] 0 [Flags] 2 [Guid] 2066924211 [EditorId] 2066924211 [Version] 1048832 [Id] WindowsEditor(7,LAURA) [Debug] 1 [PackageName] WindowsEditor [ProjectName] Editor" joined multi-casting on [225.0.0.222:54997]...

Player connection [42220] Host "[IP] 192.168.50.36 [Port] 0 [Flags] 2 [Guid] 2066924211 [EditorId] 2066924211 [Version] 1048832 [Id] WindowsEditor(7,LAURA) [Debug] 1 [PackageName] WindowsEditor [ProjectName] Editor" joined alternative multi-casting on [225.0.0.222:34997]...

[Physics::Module] Initialized MultithreadedJobDispatcher with 15 workers.
Refreshing native plugins compatible for Editor in 5.86 ms, found 3 plugins.
Preloading 0 native plugins for Editor in 0.00 ms.
Initialize engine version: 2022.3.28f1 (6bae5ce6b222)
[Subsystems] Discovering subsystems at path C:/Program Files/Unity/Hub/Editor/2022.3.28f1/Editor/Data/Resources/UnitySubsystems
[Subsystems] Discovering subsystems at path D:/Neon-Pulse-The-Infinite-Run/Neon Pulse - The Infinite Run/Assets
GfxDevice: creating device client; threaded=0; jobified=0
Direct3D:
    Version:  Direct3D 11.0 [level 11.1]
    Renderer: NVIDIA GeForce RTX 3060 (ID=0x2504)
    Vendor:   NVIDIA
    VRAM:     12115 MB
    Driver:   32.0.15.6603
Initialize mono
Mono path[0] = 'C:/Program Files/Unity/Hub/Editor/2022.3.28f1/Editor/Data/Managed'
Mono path[1] = 'C:/Program Files/Unity/Hub/Editor/2022.3.28f1/Editor/Data/MonoBleedingEdge/lib/mono/unityjit-win32'
Mono config path = 'C:/Program Files/Unity/Hub/Editor/2022.3.28f1/Editor/Data/MonoBleedingEdge/etc'
Using monoOptions --debugger-agent=transport=dt_socket,embedding=1,server=y,suspend=n,address=127.0.0.1:56992
Begin MonoManager ReloadAssembly
Registering precompiled unity dll's ...
Register platform support module: C:/Program Files/Unity/Hub/Editor/2022.3.28f1/Editor/Data/PlaybackEngines/WebGLSupport/UnityEditor.WebGL.Extensions.dll
Register platform support module: C:/Program Files/Unity/Hub/Editor/2022.3.28f1/Editor/Data/PlaybackEngines/WindowsStandaloneSupport/UnityEditor.WindowsStandalone.Extensions.dll
Registered in 0.008131 seconds.
- Loaded All Assemblies, in  0.316 seconds
Native extension for WindowsStandalone target not found
Native extension for WebGL target not found
Mono: successfully reloaded assembly
- Finished resetting the current domain, in  0.219 seconds
Domain Reload Profiling: 533ms
	BeginReloadAssembly (106ms)
		ExecutionOrderSort (0ms)
		DisableScriptedObjects (0ms)
		BackupInstance (0ms)
		ReleaseScriptingObjects (0ms)
		CreateAndSetChildDomain (1ms)
	RebuildCommonClasses (28ms)
	RebuildNativeTypeToScriptingClass (8ms)
	initialDomainReloadingComplete (53ms)
	LoadAllAssembliesAndSetupDomain (119ms)
		LoadAssemblies (105ms)
		RebuildTransferFunctionScriptingTraits (0ms)
		AnalyzeDomain (116ms)
			TypeCache.Refresh (115ms)
				TypeCache.ScanAssembly (102ms)
			ScanForSourceGeneratedMonoScriptInfo (0ms)
			ResolveRequiredComponents (0ms)
	FinalizeReload (219ms)
		ReleaseScriptCaches (0ms)
		RebuildScriptCaches (0ms)
		SetupLoadedEditorAssemblies (176ms)
			LogAssemblyErrors (0ms)
			InitializePlatformSupportModulesInManaged (8ms)
			SetLoadedEditorAssemblies (5ms)
			RefreshPlugins (0ms)
			BeforeProcessingInitializeOnLoad (2ms)
			ProcessInitializeOnLoadAttributes (119ms)
			ProcessInitializeOnLoadMethodAttributes (43ms)
			AfterProcessingInitializeOnLoad (0ms)
			EditorAssembliesLoaded (0ms)
		ExecutionOrderSort2 (0ms)
		AwakeInstancesAfterBackupRestoration (0ms)
========================================================================
Worker process is ready to serve import requests
Begin MonoManager ReloadAssembly
- Loaded All Assemblies, in  0.537 seconds
Refreshing native plugins compatible for Editor in 1.85 ms, found 3 plugins.
Native extension for WindowsStandalone target not found
Native extension for WebGL target not found
Package Manager log level set to [2]
[Package Manager] Server::EnsureServerProcessIsRunning -- launch failed, reason: Unity was launched with the -noUpm command-line argument
[Package Manager] UpmClient::Send -- Unable to send message (not connected to UPM process).
[Package Manager] Cannot connect to Unity Package Manager local server
Mono: successfully reloaded assembly
- Finished resetting the current domain, in  0.614 seconds
Domain Reload Profiling: 1150ms
	BeginReloadAssembly (133ms)
		ExecutionOrderSort (0ms)
		DisableScriptedObjects (5ms)
		BackupInstance (0ms)
		ReleaseScriptingObjects (0ms)
		CreateAndSetChildDomain (24ms)
	RebuildCommonClasses (26ms)
	RebuildNativeTypeToScriptingClass (8ms)
	initialDomainReloadingComplete (35ms)
	LoadAllAssembliesAndSetupDomain (333ms)
		LoadAssemblies (252ms)
		RebuildTransferFunctionScriptingTraits (0ms)
		AnalyzeDomain (156ms)
			TypeCache.Refresh (141ms)
				TypeCache.ScanAssembly (129ms)
			ScanForSourceGeneratedMonoScriptInfo (10ms)
			ResolveRequiredComponents (4ms)
	FinalizeReload (614ms)
		ReleaseScriptCaches (0ms)
		RebuildScriptCaches (0ms)
		SetupLoadedEditorAssemblies (510ms)
			LogAssemblyErrors (0ms)
			InitializePlatformSupportModulesInManaged (6ms)
			SetLoadedEditorAssemblies (2ms)
			RefreshPlugins (0ms)
			BeforeProcessingInitializeOnLoad (47ms)
			ProcessInitializeOnLoadAttributes (430ms)
			ProcessInitializeOnLoadMethodAttributes (17ms)
			AfterProcessingInitializeOnLoad (8ms)
			EditorAssembliesLoaded (0ms)
		ExecutionOrderSort2 (0ms)
		AwakeInstancesAfterBackupRestoration (6ms)
Launched and connected shader compiler UnityShaderCompiler.exe after 0.05 seconds
Refreshing native plugins compatible for Editor in 2.01 ms, found 3 plugins.
Preloading 0 native plugins for Editor in 0.00 ms.
Unloading 3106 Unused Serialized files (Serialized files now loaded: 0)
Unloading 33 unused Assets / (57.6 KB). Loaded Objects now: 3571.
Memory consumption went from 126.2 MB to 126.1 MB.
Total: 3.426900 ms (FindLiveObjects: 0.234200 ms CreateObjectMapping: 0.129200 ms MarkObjects: 2.965200 ms  DeleteObjects: 0.097600 ms)

AssetImportParameters requested are different than current active one (requested -> active):
  custom:container-demuxer-ogg: 62fdf1f143b41e24485cea50d1cbac27 -> 
  custom:video-codec-MediaFoundation-h265: 746d11721c4dcdbdad8f713fa42b33f4 -> 
  custom:video-decoder-ogg-theora: a1e56fd34408186e4bbccfd4996cb3dc -> 
  custom:framework-win-MediaFoundation: 216162199b28c13a410421893ffa2e32 -> 
  custom:CustomObjectIndexerAttribute: 9a22284fe3817be447336de3de66b15e -> 
  custom:container-demuxer-webm: 4f35f7cbe854078d1ac9338744f61a02 -> 
  custom:container-muxer-webm: aa71ff27fc2769a1b78a27578f13a17b -> 
  custom:video-decoder-webm-vp8: 9c59270c3fd7afecdb556c50c9e8de78 -> 
  custom:SearchIndexIgnoredProperties: e643bd26f0fe6173181afceb89e7c659 -> 
  custom:AudioImporter_EditorPlatform: d09bf68614088b80899f8185d706f6e7 -> 
  custom:video-encoder-webm-vp8: eb34c28f22e8b96e1ab97ce403110664 -> 
  custom:audio-decoder-ogg-vorbis: bf7c407c2cedff20999df2af8eb42d56 -> 
  custom:audio-encoder-webm-vorbis: bf7c407c2cedff20999df2af8eb42d56 -> 
========================================================================
Received Import Request.
  Time since last request: 100954.379449 seconds.
  path: Assets/Synty/AnimationBaseLocomotion/Animations/Polygon/Masculine/Locomotion/Run/A_Run_BckStrafeB_RootMotion_Masc.fbx
  artifactKey: Guid(daa2b7d465591a649912e31c8bed5f50) Importer(815301076,1909f56bfc062723c751e8b465ee728b)
Start importing Assets/Synty/AnimationBaseLocomotion/Animations/Polygon/Masculine/Locomotion/Run/A_Run_BckStrafeB_RootMotion_Masc.fbx using Guid(daa2b7d465591a649912e31c8bed5f50) Importer(815301076,1909f56bfc062723c751e8b465ee728b)  -> (artifact id: '03ebe0ae53684738d41bcfde28afcc72') in 0.029724 seconds
Number of updated asset objects reloaded before import = 0
Number of asset objects unloaded after import = 105
========================================================================
Received Import Request.
  Time since last request: 0.000013 seconds.
  path: Assets/Synty/AnimationBaseLocomotion/Animations/Polygon/Masculine/Locomotion/Run/A_Run_BckStrafeBR_RootMotion_Masc.fbx
  artifactKey: Guid(dcef476ac03697046bb93b54a8b41f93) Importer(815301076,1909f56bfc062723c751e8b465ee728b)
Start importing Assets/Synty/AnimationBaseLocomotion/Animations/Polygon/Masculine/Locomotion/Run/A_Run_BckStrafeBR_RootMotion_Masc.fbx using Guid(dcef476ac03697046bb93b54a8b41f93) Importer(815301076,1909f56bfc062723c751e8b465ee728b)  -> (artifact id: 'a54b288539decb1d82739c845284f786') in 0.003085 seconds
Number of updated asset objects reloaded before import = 0
Number of asset objects unloaded after import = 105
========================================================================
Received Import Request.
  Time since last request: 0.000011 seconds.
  path: Assets/Synty/AnimationBaseLocomotion/Animations/Polygon/Masculine/Locomotion/Run/A_Run_FwdStrafeL_RootMotion_Masc.fbx
  artifactKey: Guid(965b216833b59af4798c36378ccb4374) Importer(815301076,1909f56bfc062723c751e8b465ee728b)
Start importing Assets/Synty/AnimationBaseLocomotion/Animations/Polygon/Masculine/Locomotion/Run/A_Run_FwdStrafeL_RootMotion_Masc.fbx using Guid(965b216833b59af4798c36378ccb4374) Importer(815301076,1909f56bfc062723c751e8b465ee728b)  -> (artifact id: '3eca76112b232e8c679326f9207aedc4') in 0.002438 seconds
Number of updated asset objects reloaded before import = 0
Number of asset objects unloaded after import = 105
========================================================================
Received Import Request.
  Time since last request: 0.000012 seconds.
  path: Assets/Synty/AnimationBaseLocomotion/Animations/Polygon/Masculine/Locomotion/Run/A_Run_FwdStrafeBR_RootMotion_Masc.fbx
  artifactKey: Guid(2fed787bd99a9a34db7bcebafe6a3c18) Importer(815301076,1909f56bfc062723c751e8b465ee728b)
Start importing Assets/Synty/AnimationBaseLocomotion/Animations/Polygon/Masculine/Locomotion/Run/A_Run_FwdStrafeBR_RootMotion_Masc.fbx using Guid(2fed787bd99a9a34db7bcebafe6a3c18) Importer(815301076,1909f56bfc062723c751e8b465ee728b)  -> (artifact id: '3b6c2093150d68593292704bdf57e4b7') in 0.002942 seconds
Number of updated asset objects reloaded before import = 0
Number of asset objects unloaded after import = 105
========================================================================
Received Import Request.
  Time since last request: 0.000012 seconds.
  path: Assets/Synty/AnimationBaseLocomotion/Animations/Polygon/Masculine/Locomotion/Run/A_Run_FwdStrafeR_RootMotion_Masc.fbx
  artifactKey: Guid(142f8279fe034964ca70c9142a5fbaf1) Importer(815301076,1909f56bfc062723c751e8b465ee728b)
Start importing Assets/Synty/AnimationBaseLocomotion/Animations/Polygon/Masculine/Locomotion/Run/A_Run_FwdStrafeR_RootMotion_Masc.fbx using Guid(142f8279fe034964ca70c9142a5fbaf1) Importer(815301076,1909f56bfc062723c751e8b465ee728b)  -> (artifact id: 'e7bde73ea2d153efe8d1b973edc0febc') in 0.002703 seconds
Number of updated asset objects reloaded before import = 0
Number of asset objects unloaded after import = 105
========================================================================
Received Import Request.
  Time since last request: 0.000012 seconds.
  path: Assets/Synty/AnimationBaseLocomotion/Animations/Polygon/Masculine/Locomotion/Run/A_Run_FwdStrafeF_RootMotion_Masc.fbx
  artifactKey: Guid(07e559271089db64b8382609fabc6a69) Importer(815301076,1909f56bfc062723c751e8b465ee728b)
Start importing Assets/Synty/AnimationBaseLocomotion/Animations/Polygon/Masculine/Locomotion/Run/A_Run_FwdStrafeF_RootMotion_Masc.fbx using Guid(07e559271089db64b8382609fabc6a69) Importer(815301076,1909f56bfc062723c751e8b465ee728b)  -> (artifact id: 'c3f6eb545c9c3c190cfdda3eb21f457e') in 0.002416 seconds
Number of updated asset objects reloaded before import = 0
Number of asset objects unloaded after import = 105
========================================================================
Received Import Request.
  Time since last request: 0.000011 seconds.
  path: Assets/Synty/AnimationBaseLocomotion/Animations/Polygon/Masculine/Locomotion/Run/A_Run_BckStrafeFL_Masc.fbx
  artifactKey: Guid(9e3a16721a2f8dd44832b58247f86cd3) Importer(815301076,1909f56bfc062723c751e8b465ee728b)
Start importing Assets/Synty/AnimationBaseLocomotion/Animations/Polygon/Masculine/Locomotion/Run/A_Run_BckStrafeFL_Masc.fbx using Guid(9e3a16721a2f8dd44832b58247f86cd3) Importer(815301076,1909f56bfc062723c751e8b465ee728b)  -> (artifact id: '34e02a3837f6f480743df6be142f67f6') in 0.002478 seconds
Number of updated asset objects reloaded before import = 0
Number of asset objects unloaded after import = 105
========================================================================
Received Import Request.
  Time since last request: 0.000014 seconds.
  path: Assets/Synty/AnimationBaseLocomotion/Animations/Polygon/Masculine/Locomotion/Run/A_Run_Down25F_RootMotion_Masc.fbx
  artifactKey: Guid(104bce34aab364c48862839896bae4e6) Importer(815301076,1909f56bfc062723c751e8b465ee728b)
Start importing Assets/Synty/AnimationBaseLocomotion/Animations/Polygon/Masculine/Locomotion/Run/A_Run_Down25F_RootMotion_Masc.fbx using Guid(104bce34aab364c48862839896bae4e6) Importer(815301076,1909f56bfc062723c751e8b465ee728b)  -> (artifact id: 'b97acfb626b0da5d5e26bdbab1492aef') in 0.003271 seconds
Number of updated asset objects reloaded before import = 0
Number of asset objects unloaded after import = 105
========================================================================
Received Import Request.
  Time since last request: 0.000011 seconds.
  path: Assets/Synty/AnimationBaseLocomotion/Animations/Polygon/Masculine/Locomotion/Run/A_Run_BckStrafeBR_Masc.fbx
  artifactKey: Guid(49a9d6fed8f13c945af5b01859e975c3) Importer(815301076,1909f56bfc062723c751e8b465ee728b)
Start importing Assets/Synty/AnimationBaseLocomotion/Animations/Polygon/Masculine/Locomotion/Run/A_Run_BckStrafeBR_Masc.fbx using Guid(49a9d6fed8f13c945af5b01859e975c3) Importer(815301076,1909f56bfc062723c751e8b465ee728b)  -> (artifact id: '08432aa9ba38c10726668365d2cce16c') in 0.003313 seconds
Number of updated asset objects reloaded before import = 0
Number of asset objects unloaded after import = 105
========================================================================
Received Import Request.
  Time since last request: 0.000012 seconds.
  path: Assets/Synty/AnimationBaseLocomotion/Animations/Polygon/Masculine/Locomotion/Run/A_Run_FwdStrafeF_Masc.fbx
  artifactKey: Guid(4f79281e6eb3df54889369eba3aa1c67) Importer(815301076,1909f56bfc062723c751e8b465ee728b)
Start importing Assets/Synty/AnimationBaseLocomotion/Animations/Polygon/Masculine/Locomotion/Run/A_Run_FwdStrafeF_Masc.fbx using Guid(4f79281e6eb3df54889369eba3aa1c67) Importer(815301076,1909f56bfc062723c751e8b465ee728b)  -> (artifact id: 'fba135b053d7e2ec607045576dfde2c0') in 0.002555 seconds
Number of updated asset objects reloaded before import = 0
Number of asset objects unloaded after import = 105
========================================================================
Received Import Request.
  Time since last request: 0.000010 seconds.
  path: Assets/Synty/AnimationBaseLocomotion/Animations/Polygon/Masculine/Locomotion/Run/A_Run_F_Masc.fbx
  artifactKey: Guid(6c670ea8c84cf324980a21b4b9b927a0) Importer(815301076,1909f56bfc062723c751e8b465ee728b)
Start importing Assets/Synty/AnimationBaseLocomotion/Animations/Polygon/Masculine/Locomotion/Run/A_Run_F_Masc.fbx using Guid(6c670ea8c84cf324980a21b4b9b927a0) Importer(815301076,1909f56bfc062723c751e8b465ee728b)  -> (artifact id: '25e219ca5d6f6e6130be4025d4ada44d') in 0.002064 seconds
Number of updated asset objects reloaded before import = 0
Number of asset objects unloaded after import = 105
========================================================================
Received Import Request.
  Time since last request: 0.000009 seconds.
  path: Assets/Synty/AnimationBaseLocomotion/Animations/Polygon/Masculine/Locomotion/Run/A_Run_BckStrafeBL_RootMotion_Masc.fbx
  artifactKey: Guid(c6928073f3fa6424380dbb8b4fc4359f) Importer(815301076,1909f56bfc062723c751e8b465ee728b)
Start importing Assets/Synty/AnimationBaseLocomotion/Animations/Polygon/Masculine/Locomotion/Run/A_Run_BckStrafeBL_RootMotion_Masc.fbx using Guid(c6928073f3fa6424380dbb8b4fc4359f) Importer(815301076,1909f56bfc062723c751e8b465ee728b)  -> (artifact id: 'cb0ba39aef178dfedd633954d4c87242') in 0.001958 seconds
Number of updated asset objects reloaded before import = 0
Number of asset objects unloaded after import = 105
========================================================================
Received Import Request.
  Time since last request: 0.000009 seconds.
  path: Assets/Synty/AnimationBaseLocomotion/Animations/Polygon/Masculine/Locomotion/Run/A_Run_FwdStrafeFR_RootMotion_Masc.fbx
  artifactKey: Guid(4d7f9f4e56a29a64f8593579968c0f26) Importer(815301076,1909f56bfc062723c751e8b465ee728b)
Start importing Assets/Synty/AnimationBaseLocomotion/Animations/Polygon/Masculine/Locomotion/Run/A_Run_FwdStrafeFR_RootMotion_Masc.fbx using Guid(4d7f9f4e56a29a64f8593579968c0f26) Importer(815301076,1909f56bfc062723c751e8b465ee728b)  -> (artifact id: '4527cc7c2412f18ca7ce66cd2ca55f4d') in 0.002093 seconds
Number of updated asset objects reloaded before import = 0
Number of asset objects unloaded after import = 105
========================================================================
Received Prepare
Begin MonoManager ReloadAssembly
- Loaded All Assemblies, in  0.383 seconds
Refreshing native plugins compatible for Editor in 1.88 ms, found 3 plugins.
Native extension for WindowsStandalone target not found
Native extension for WebGL target not found
[Package Manager] Server::EnsureServerProcessIsRunning -- launch failed, reason: Unity was launched with the -noUpm command-line argument
[Package Manager] UpmClient::Send -- Unable to send message (not connected to UPM process).
[Package Manager] Cannot connect to Unity Package Manager local server
Mono: successfully reloaded assembly
- Finished resetting the current domain, in  1.028 seconds
Domain Reload Profiling: 1409ms
	BeginReloadAssembly (139ms)
		ExecutionOrderSort (0ms)
		DisableScriptedObjects (4ms)
		BackupInstance (0ms)
		ReleaseScriptingObjects (0ms)
		CreateAndSetChildDomain (38ms)
	RebuildCommonClasses (25ms)
	RebuildNativeTypeToScriptingClass (8ms)
	initialDomainReloadingComplete (28ms)
	LoadAllAssembliesAndSetupDomain (180ms)
		LoadAssemblies (241ms)
		RebuildTransferFunctionScriptingTraits (0ms)
		AnalyzeDomain (11ms)
			TypeCache.Refresh (5ms)
				TypeCache.ScanAssembly (0ms)
			ScanForSourceGeneratedMonoScriptInfo (0ms)
			ResolveRequiredComponents (4ms)
	FinalizeReload (1029ms)
		ReleaseScriptCaches (0ms)
		RebuildScriptCaches (0ms)
		SetupLoadedEditorAssemblies (630ms)
			LogAssemblyErrors (0ms)
			InitializePlatformSupportModulesInManaged (7ms)
			SetLoadedEditorAssemblies (4ms)
			RefreshPlugins (0ms)
			BeforeProcessingInitializeOnLoad (67ms)
			ProcessInitializeOnLoadAttributes (523ms)
			ProcessInitializeOnLoadMethodAttributes (20ms)
			AfterProcessingInitializeOnLoad (9ms)
			EditorAssembliesLoaded (0ms)
		ExecutionOrderSort2 (0ms)
		AwakeInstancesAfterBackupRestoration (8ms)
Refreshing native plugins compatible for Editor in 2.58 ms, found 3 plugins.
Preloading 0 native plugins for Editor in 0.00 ms.
Unloading 3096 Unused Serialized files (Serialized files now loaded: 0)
Unloading 24 unused Assets / (31.7 KB). Loaded Objects now: 3575.
Memory consumption went from 124.5 MB to 124.4 MB.
Total: 4.593400 ms (FindLiveObjects: 0.294700 ms CreateObjectMapping: 0.233100 ms MarkObjects: 4.008600 ms  DeleteObjects: 0.056200 ms)

Prepare: number of updated asset objects reloaded= 0
AssetImportParameters requested are different than current active one (requested -> active):
  custom:container-demuxer-ogg: 62fdf1f143b41e24485cea50d1cbac27 -> 
  custom:video-codec-MediaFoundation-h265: 746d11721c4dcdbdad8f713fa42b33f4 -> 
  custom:video-decoder-ogg-theora: a1e56fd34408186e4bbccfd4996cb3dc -> 
  custom:framework-win-MediaFoundation: 216162199b28c13a410421893ffa2e32 -> 
  custom:CustomObjectIndexerAttribute: 9a22284fe3817be447336de3de66b15e -> 
  custom:container-demuxer-webm: 4f35f7cbe854078d1ac9338744f61a02 -> 
  custom:container-muxer-webm: aa71ff27fc2769a1b78a27578f13a17b -> 
  custom:video-decoder-webm-vp8: 9c59270c3fd7afecdb556c50c9e8de78 -> 
  custom:SearchIndexIgnoredProperties: e643bd26f0fe6173181afceb89e7c659 -> 
  custom:AudioImporter_EditorPlatform: d09bf68614088b80899f8185d706f6e7 -> 
  custom:video-encoder-webm-vp8: eb34c28f22e8b96e1ab97ce403110664 -> 
  custom:audio-decoder-ogg-vorbis: bf7c407c2cedff20999df2af8eb42d56 -> 
  custom:audio-encoder-webm-vorbis: bf7c407c2cedff20999df2af8eb42d56 -> 
========================================================================
Received Import Request.
  Time since last request: 45.781091 seconds.
  path: Assets/Synty/AnimationBaseLocomotion/Animations/Polygon/Masculine/Locomotion/Sprint/A_Sprint_F_RootMotion_Masc.fbx
  artifactKey: Guid(f5f88ba834ff2f845893f706ccfca542) Importer(815301076,1909f56bfc062723c751e8b465ee728b)
Start importing Assets/Synty/AnimationBaseLocomotion/Animations/Polygon/Masculine/Locomotion/Sprint/A_Sprint_F_RootMotion_Masc.fbx using Guid(f5f88ba834ff2f845893f706ccfca542) Importer(815301076,1909f56bfc062723c751e8b465ee728b)  -> (artifact id: '19104e41c9fffd8bbe970207245268dd') in 0.029111 seconds
Number of updated asset objects reloaded before import = 0
Number of asset objects unloaded after import = 105
========================================================================
Received Prepare
Begin MonoManager ReloadAssembly
- Loaded All Assemblies, in  0.368 seconds
Refreshing native plugins compatible for Editor in 1.94 ms, found 3 plugins.
Native extension for WindowsStandalone target not found
Native extension for WebGL target not found
[Package Manager] Server::EnsureServerProcessIsRunning -- launch failed, reason: Unity was launched with the -noUpm command-line argument
[Package Manager] UpmClient::Send -- Unable to send message (not connected to UPM process).
[Package Manager] Cannot connect to Unity Package Manager local server
Mono: successfully reloaded assembly
- Finished resetting the current domain, in  0.974 seconds
Domain Reload Profiling: 1340ms
	BeginReloadAssembly (135ms)
		ExecutionOrderSort (0ms)
		DisableScriptedObjects (4ms)
		BackupInstance (0ms)
		ReleaseScriptingObjects (0ms)
		CreateAndSetChildDomain (34ms)
	RebuildCommonClasses (25ms)
	RebuildNativeTypeToScriptingClass (8ms)
	initialDomainReloadingComplete (24ms)
	LoadAllAssembliesAndSetupDomain (173ms)
		LoadAssemblies (234ms)
		RebuildTransferFunctionScriptingTraits (0ms)
		AnalyzeDomain (11ms)
			TypeCache.Refresh (5ms)
				TypeCache.ScanAssembly (0ms)
			ScanForSourceGeneratedMonoScriptInfo (0ms)
			ResolveRequiredComponents (4ms)
	FinalizeReload (975ms)
		ReleaseScriptCaches (0ms)
		RebuildScriptCaches (0ms)
		SetupLoadedEditorAssemblies (584ms)
			LogAssemblyErrors (0ms)
			InitializePlatformSupportModulesInManaged (8ms)
			SetLoadedEditorAssemblies (4ms)
			RefreshPlugins (0ms)
			BeforeProcessingInitializeOnLoad (56ms)
			ProcessInitializeOnLoadAttributes (485ms)
			ProcessInitializeOnLoadMethodAttributes (22ms)
			AfterProcessingInitializeOnLoad (9ms)
			EditorAssembliesLoaded (0ms)
		ExecutionOrderSort2 (0ms)
		AwakeInstancesAfterBackupRestoration (7ms)
Refreshing native plugins compatible for Editor in 2.45 ms, found 3 plugins.
Preloading 0 native plugins for Editor in 0.00 ms.
Unloading 3096 Unused Serialized files (Serialized files now loaded: 0)
Unloading 24 unused Assets / (31.5 KB). Loaded Objects now: 3578.
Memory consumption went from 124.5 MB to 124.4 MB.
Total: 3.571500 ms (FindLiveObjects: 0.254500 ms CreateObjectMapping: 0.151100 ms MarkObjects: 3.074800 ms  DeleteObjects: 0.090300 ms)

Prepare: number of updated asset objects reloaded= 0
AssetImportParameters requested are different than current active one (requested -> active):
  custom:container-demuxer-ogg: 62fdf1f143b41e24485cea50d1cbac27 -> 
  custom:video-codec-MediaFoundation-h265: 746d11721c4dcdbdad8f713fa42b33f4 -> 
  custom:video-decoder-ogg-theora: a1e56fd34408186e4bbccfd4996cb3dc -> 
  custom:framework-win-MediaFoundation: 216162199b28c13a410421893ffa2e32 -> 
  custom:CustomObjectIndexerAttribute: 9a22284fe3817be447336de3de66b15e -> 
  custom:container-demuxer-webm: 4f35f7cbe854078d1ac9338744f61a02 -> 
  custom:container-muxer-webm: aa71ff27fc2769a1b78a27578f13a17b -> 
  custom:video-decoder-webm-vp8: 9c59270c3fd7afecdb556c50c9e8de78 -> 
  custom:SearchIndexIgnoredProperties: e643bd26f0fe6173181afceb89e7c659 -> 
  custom:AudioImporter_EditorPlatform: d09bf68614088b80899f8185d706f6e7 -> 
  custom:video-encoder-webm-vp8: eb34c28f22e8b96e1ab97ce403110664 -> 
  custom:audio-decoder-ogg-vorbis: bf7c407c2cedff20999df2af8eb42d56 -> 
  custom:audio-encoder-webm-vorbis: bf7c407c2cedff20999df2af8eb42d56 -> 
========================================================================
Received Import Request.
  Time since last request: 322.453841 seconds.
  path: Assets/PolygonSciFiCity/Prefabs/Vehicles/SM_Veh_Armored_Truck_01_Hover.prefab
  artifactKey: Guid(9e3d7d4d81beecf44b4a9e5768cd8123) Importer(815301076,1909f56bfc062723c751e8b465ee728b)
Start importing Assets/PolygonSciFiCity/Prefabs/Vehicles/SM_Veh_Armored_Truck_01_Hover.prefab using Guid(9e3d7d4d81beecf44b4a9e5768cd8123) Importer(815301076,1909f56bfc062723c751e8b465ee728b)  -> (artifact id: '03cfe922a81a1be98b1f0fda0460f2cc') in 0.159200 seconds
Number of updated asset objects reloaded before import = 0
Number of asset objects unloaded after import = 56
========================================================================
Received Import Request.
  Time since last request: 0.000018 seconds.
  path: Assets/PolygonSciFiCity/Prefabs/Vehicles/SM_Veh_Sweepo_01.prefab
  artifactKey: Guid(eb822c0479f72e64ab2bd00f697c795b) Importer(815301076,1909f56bfc062723c751e8b465ee728b)
Start importing Assets/PolygonSciFiCity/Prefabs/Vehicles/SM_Veh_Sweepo_01.prefab using Guid(eb822c0479f72e64ab2bd00f697c795b) Importer(815301076,1909f56bfc062723c751e8b465ee728b)  -> (artifact id: '158d35374668b813f7809f9c5d24b586') in 0.055677 seconds
Number of updated asset objects reloaded before import = 0
Number of asset objects unloaded after import = 56
========================================================================
Received Import Request.
  Time since last request: 0.000022 seconds.
  path: Assets/PolygonSciFiCity/Prefabs/Vehicles/SM_Veh_Hoverboard_02.prefab
  artifactKey: Guid(0f5ed9a8a158b9e4a8707f0d6ddaf0ea) Importer(815301076,1909f56bfc062723c751e8b465ee728b)
Start importing Assets/PolygonSciFiCity/Prefabs/Vehicles/SM_Veh_Hoverboard_02.prefab using Guid(0f5ed9a8a158b9e4a8707f0d6ddaf0ea) Importer(815301076,1909f56bfc062723c751e8b465ee728b)  -> (artifact id: '55f6946b316d6769d868dc20dc820b42') in 0.042327 seconds
Number of updated asset objects reloaded before import = 0
Number of asset objects unloaded after import = 15
========================================================================
Received Import Request.
  Time since last request: 0.000014 seconds.
  path: Assets/PolygonSciFiCity/Prefabs/Vehicles/SM_Veh_Classic_01_Hover.prefab
  artifactKey: Guid(b1d23a1e853d53f4086ec55a196d057b) Importer(815301076,1909f56bfc062723c751e8b465ee728b)
Start importing Assets/PolygonSciFiCity/Prefabs/Vehicles/SM_Veh_Classic_01_Hover.prefab using Guid(b1d23a1e853d53f4086ec55a196d057b) Importer(815301076,1909f56bfc062723c751e8b465ee728b)  -> (artifact id: 'fc0c6a714a45428c97909f4ff1c0ff50') in 0.042716 seconds
Number of updated asset objects reloaded before import = 0
Number of asset objects unloaded after import = 66
========================================================================
Received Import Request.
  Time since last request: 0.000017 seconds.
  path: Assets/PolygonSciFiCity/Prefabs/Vehicles/SM_Veh_Armored_Truck_Cannon_01.prefab
  artifactKey: Guid(8ffa3758fd293464485a005e39e3eba3) Importer(815301076,1909f56bfc062723c751e8b465ee728b)
Start importing Assets/PolygonSciFiCity/Prefabs/Vehicles/SM_Veh_Armored_Truck_Cannon_01.prefab using Guid(8ffa3758fd293464485a005e39e3eba3) Importer(815301076,1909f56bfc062723c751e8b465ee728b)  -> (artifact id: 'e48d4cfc15a90830ff2292ebb4a8e50a') in 0.042358 seconds
Number of updated asset objects reloaded before import = 0
Number of asset objects unloaded after import = 20
========================================================================
Received Import Request.
  Time since last request: 0.000014 seconds.
  path: Assets/PolygonSciFiCity/Prefabs/Vehicles/SM_Veh_Armored_Truck_02.prefab
  artifactKey: Guid(2c8381f8275e52f4fa749cd18f2833df) Importer(815301076,1909f56bfc062723c751e8b465ee728b)
Start importing Assets/PolygonSciFiCity/Prefabs/Vehicles/SM_Veh_Armored_Truck_02.prefab using Guid(2c8381f8275e52f4fa749cd18f2833df) Importer(815301076,1909f56bfc062723c751e8b465ee728b)  -> (artifact id: '27b397533446c591795e5e284df4bfca') in 0.048750 seconds
Number of updated asset objects reloaded before import = 0
Number of asset objects unloaded after import = 56
========================================================================
Received Import Request.
  Time since last request: 0.000014 seconds.
  path: Assets/PolygonSciFiCity/Prefabs/Vehicles/SM_Veh_Armored_Truck_02_Hover.prefab
  artifactKey: Guid(faef3979cb833bd418b09d6b70c540d0) Importer(815301076,1909f56bfc062723c751e8b465ee728b)
Start importing Assets/PolygonSciFiCity/Prefabs/Vehicles/SM_Veh_Armored_Truck_02_Hover.prefab using Guid(faef3979cb833bd418b09d6b70c540d0) Importer(815301076,1909f56bfc062723c751e8b465ee728b)  -> (artifact id: 'a9a2dcc420a75c1c43b0a4332fc04a35') in 0.045971 seconds
Number of updated asset objects reloaded before import = 0
Number of asset objects unloaded after import = 56
========================================================================
Received Import Request.
  Time since last request: 0.000018 seconds.
  path: Assets/PolygonSciFiCity/Prefabs/Vehicles/SM_Veh_Future_01.prefab
  artifactKey: Guid(ebd0e90cdd8572142b5395fd3ad58a26) Importer(815301076,1909f56bfc062723c751e8b465ee728b)
Start importing Assets/PolygonSciFiCity/Prefabs/Vehicles/SM_Veh_Future_01.prefab using Guid(ebd0e90cdd8572142b5395fd3ad58a26) Importer(815301076,1909f56bfc062723c751e8b465ee728b)  -> (artifact id: 'efcee04e6e73c0a735594bdf863527ef') in 0.049071 seconds
Number of updated asset objects reloaded before import = 0
Number of asset objects unloaded after import = 26
========================================================================
Received Import Request.
  Time since last request: 0.000025 seconds.
  path: Assets/PolygonSciFiCity/Prefabs/Vehicles/SM_Veh_Hover_Bike_01.prefab
  artifactKey: Guid(542b24be0fbb7404398c770175ca589d) Importer(815301076,1909f56bfc062723c751e8b465ee728b)
Start importing Assets/PolygonSciFiCity/Prefabs/Vehicles/SM_Veh_Hover_Bike_01.prefab using Guid(542b24be0fbb7404398c770175ca589d) Importer(815301076,1909f56bfc062723c751e8b465ee728b)  -> (artifact id: 'f3a06be5d42d2b14d04bcf4ca72f6887') in 0.048489 seconds
Number of updated asset objects reloaded before import = 0
Number of asset objects unloaded after import = 26
Editor requested this worker to shutdown with reason: Scaling down because of idle timeout
TcpMessagingSession - receive error: operation aborted. errorcode: 995, details: La operación de E/S se anuló por una salida de subproceso o por una solicitud de aplicación.
AssetImportWorker is now disconnected from the server
Process exiting
Exiting without the bug reporter. Application will terminate with return code 0