Using pre-set license
Built from '2022.3/staging' branch; Version is '2022.3.28f1 (6bae5ce6b222) revision 7056988'; Using compiler version '192829333'; Build Type 'Release'
OS: 'Windows 11  (10.0.22631) 64bit Professional' Language: 'es' Physical Memory: 98227 MB
BatchMode: 1, IsHumanControllingUs: 0, StartBugReporterOnCrash: 0, Is64bit: 1, IsPro: 1

COMMAND LINE ARGUMENTS:
C:\Program Files\Unity\Hub\Editor\2022.3.28f1\Editor\Unity.exe
-adb2
-batchMode
-noUpm
-name
AssetImportWorker6
-projectPath
D:/Neon-Pulse-The-Infinite-Run/Neon Pulse - The Infinite Run
-logFile
Logs/AssetImportWorker6.log
-srvPort
63469
Successfully changed project path to: D:/Neon-Pulse-The-Infinite-Run/Neon Pulse - The Infinite Run
D:/Neon-Pulse-The-Infinite-Run/Neon Pulse - The Infinite Run
[UnityMemory] Configuration Parameters - Can be set up in boot.config
    "memorysetup-bucket-allocator-granularity=16"
    "memorysetup-bucket-allocator-bucket-count=8"
    "memorysetup-bucket-allocator-block-size=33554432"
    "memorysetup-bucket-allocator-block-count=8"
    "memorysetup-main-allocator-block-size=16777216"
    "memorysetup-thread-allocator-block-size=16777216"
    "memorysetup-gfx-main-allocator-block-size=16777216"
    "memorysetup-gfx-thread-allocator-block-size=16777216"
    "memorysetup-cache-allocator-block-size=4194304"
    "memorysetup-typetree-allocator-block-size=2097152"
    "memorysetup-profiler-bucket-allocator-granularity=16"
    "memorysetup-profiler-bucket-allocator-bucket-count=8"
    "memorysetup-profiler-bucket-allocator-block-size=33554432"
    "memorysetup-profiler-bucket-allocator-block-count=8"
    "memorysetup-profiler-allocator-block-size=16777216"
    "memorysetup-profiler-editor-allocator-block-size=1048576"
    "memorysetup-temp-allocator-size-main=16777216"
    "memorysetup-job-temp-allocator-block-size=2097152"
    "memorysetup-job-temp-allocator-block-size-background=1048576"
    "memorysetup-job-temp-allocator-reduction-small-platforms=262144"
    "memorysetup-allocator-temp-initial-block-size-main=262144"
    "memorysetup-allocator-temp-initial-block-size-worker=262144"
    "memorysetup-temp-allocator-size-background-worker=32768"
    "memorysetup-temp-allocator-size-job-worker=262144"
    "memorysetup-temp-allocator-size-preload-manager=33554432"
    "memorysetup-temp-allocator-size-nav-mesh-worker=65536"
    "memorysetup-temp-allocator-size-audio-worker=65536"
    "memorysetup-temp-allocator-size-cloud-worker=32768"
    "memorysetup-temp-allocator-size-gi-baking-worker=262144"
    "memorysetup-temp-allocator-size-gfx=262144"
Player connection [42764] Host "[IP] 192.168.50.36 [Port] 0 [Flags] 2 [Guid] 596814946 [EditorId] 596814946 [Version] 1048832 [Id] WindowsEditor(7,LAURA) [Debug] 1 [PackageName] WindowsEditor [ProjectName] Editor" joined multi-casting on [225.0.0.222:54997]...

Player connection [42764] Host "[IP] 192.168.50.36 [Port] 0 [Flags] 2 [Guid] 596814946 [EditorId] 596814946 [Version] 1048832 [Id] WindowsEditor(7,LAURA) [Debug] 1 [PackageName] WindowsEditor [ProjectName] Editor" joined alternative multi-casting on [225.0.0.222:34997]...

[Physics::Module] Initialized MultithreadedJobDispatcher with 15 workers.
Refreshing native plugins compatible for Editor in 5.78 ms, found 3 plugins.
Preloading 0 native plugins for Editor in 0.00 ms.
Initialize engine version: 2022.3.28f1 (6bae5ce6b222)
[Subsystems] Discovering subsystems at path C:/Program Files/Unity/Hub/Editor/2022.3.28f1/Editor/Data/Resources/UnitySubsystems
[Subsystems] Discovering subsystems at path D:/Neon-Pulse-The-Infinite-Run/Neon Pulse - The Infinite Run/Assets
GfxDevice: creating device client; threaded=0; jobified=0
Direct3D:
    Version:  Direct3D 11.0 [level 11.1]
    Renderer: NVIDIA GeForce RTX 3060 (ID=0x2504)
    Vendor:   NVIDIA
    VRAM:     12115 MB
    Driver:   32.0.15.6603
Initialize mono
Mono path[0] = 'C:/Program Files/Unity/Hub/Editor/2022.3.28f1/Editor/Data/Managed'
Mono path[1] = 'C:/Program Files/Unity/Hub/Editor/2022.3.28f1/Editor/Data/MonoBleedingEdge/lib/mono/unityjit-win32'
Mono config path = 'C:/Program Files/Unity/Hub/Editor/2022.3.28f1/Editor/Data/MonoBleedingEdge/etc'
Using monoOptions --debugger-agent=transport=dt_socket,embedding=1,server=y,suspend=n,address=127.0.0.1:56028
Begin MonoManager ReloadAssembly
Registering precompiled unity dll's ...
Register platform support module: C:/Program Files/Unity/Hub/Editor/2022.3.28f1/Editor/Data/PlaybackEngines/WebGLSupport/UnityEditor.WebGL.Extensions.dll
Register platform support module: C:/Program Files/Unity/Hub/Editor/2022.3.28f1/Editor/Data/PlaybackEngines/WindowsStandaloneSupport/UnityEditor.WindowsStandalone.Extensions.dll
Registered in 0.007664 seconds.
- Loaded All Assemblies, in  0.332 seconds
Native extension for WindowsStandalone target not found
Native extension for WebGL target not found
Mono: successfully reloaded assembly
- Finished resetting the current domain, in  0.218 seconds
Domain Reload Profiling: 548ms
	BeginReloadAssembly (119ms)
		ExecutionOrderSort (0ms)
		DisableScriptedObjects (0ms)
		BackupInstance (0ms)
		ReleaseScriptingObjects (0ms)
		CreateAndSetChildDomain (1ms)
	RebuildCommonClasses (29ms)
	RebuildNativeTypeToScriptingClass (9ms)
	initialDomainReloadingComplete (50ms)
	LoadAllAssembliesAndSetupDomain (124ms)
		LoadAssemblies (116ms)
		RebuildTransferFunctionScriptingTraits (0ms)
		AnalyzeDomain (121ms)
			TypeCache.Refresh (120ms)
				TypeCache.ScanAssembly (107ms)
			ScanForSourceGeneratedMonoScriptInfo (0ms)
			ResolveRequiredComponents (0ms)
	FinalizeReload (218ms)
		ReleaseScriptCaches (0ms)
		RebuildScriptCaches (0ms)
		SetupLoadedEditorAssemblies (174ms)
			LogAssemblyErrors (0ms)
			InitializePlatformSupportModulesInManaged (11ms)
			SetLoadedEditorAssemblies (4ms)
			RefreshPlugins (0ms)
			BeforeProcessingInitializeOnLoad (2ms)
			ProcessInitializeOnLoadAttributes (117ms)
			ProcessInitializeOnLoadMethodAttributes (40ms)
			AfterProcessingInitializeOnLoad (0ms)
			EditorAssembliesLoaded (0ms)
		ExecutionOrderSort2 (0ms)
		AwakeInstancesAfterBackupRestoration (0ms)
========================================================================
Worker process is ready to serve import requests
Begin MonoManager ReloadAssembly
- Loaded All Assemblies, in  0.544 seconds
Refreshing native plugins compatible for Editor in 1.97 ms, found 3 plugins.
Native extension for WindowsStandalone target not found
Native extension for WebGL target not found
Package Manager log level set to [2]
[Package Manager] Server::EnsureServerProcessIsRunning -- launch failed, reason: Unity was launched with the -noUpm command-line argument
[Package Manager] UpmClient::Send -- Unable to send message (not connected to UPM process).
[Package Manager] Cannot connect to Unity Package Manager local server
Mono: successfully reloaded assembly
- Finished resetting the current domain, in  0.616 seconds
Domain Reload Profiling: 1158ms
	BeginReloadAssembly (126ms)
		ExecutionOrderSort (0ms)
		DisableScriptedObjects (4ms)
		BackupInstance (0ms)
		ReleaseScriptingObjects (0ms)
		CreateAndSetChildDomain (20ms)
	RebuildCommonClasses (28ms)
	RebuildNativeTypeToScriptingClass (9ms)
	initialDomainReloadingComplete (33ms)
	LoadAllAssembliesAndSetupDomain (346ms)
		LoadAssemblies (239ms)
		RebuildTransferFunctionScriptingTraits (0ms)
		AnalyzeDomain (180ms)
			TypeCache.Refresh (162ms)
				TypeCache.ScanAssembly (148ms)
			ScanForSourceGeneratedMonoScriptInfo (13ms)
			ResolveRequiredComponents (4ms)
	FinalizeReload (616ms)
		ReleaseScriptCaches (0ms)
		RebuildScriptCaches (0ms)
		SetupLoadedEditorAssemblies (511ms)
			LogAssemblyErrors (0ms)
			InitializePlatformSupportModulesInManaged (6ms)
			SetLoadedEditorAssemblies (2ms)
			RefreshPlugins (0ms)
			BeforeProcessingInitializeOnLoad (45ms)
			ProcessInitializeOnLoadAttributes (432ms)
			ProcessInitializeOnLoadMethodAttributes (17ms)
			AfterProcessingInitializeOnLoad (8ms)
			EditorAssembliesLoaded (0ms)
		ExecutionOrderSort2 (0ms)
		AwakeInstancesAfterBackupRestoration (6ms)
Launched and connected shader compiler UnityShaderCompiler.exe after 0.05 seconds
Refreshing native plugins compatible for Editor in 2.44 ms, found 3 plugins.
Preloading 0 native plugins for Editor in 0.00 ms.
Unloading 3106 Unused Serialized files (Serialized files now loaded: 0)
Unloading 33 unused Assets / (57.6 KB). Loaded Objects now: 3571.
Memory consumption went from 126.2 MB to 126.1 MB.
Total: 3.525500 ms (FindLiveObjects: 0.241400 ms CreateObjectMapping: 0.142000 ms MarkObjects: 3.043900 ms  DeleteObjects: 0.097400 ms)

AssetImportParameters requested are different than current active one (requested -> active):
  custom:container-demuxer-ogg: 62fdf1f143b41e24485cea50d1cbac27 -> 
  custom:video-codec-MediaFoundation-h265: 746d11721c4dcdbdad8f713fa42b33f4 -> 
  custom:video-decoder-ogg-theora: a1e56fd34408186e4bbccfd4996cb3dc -> 
  custom:framework-win-MediaFoundation: 216162199b28c13a410421893ffa2e32 -> 
  custom:CustomObjectIndexerAttribute: 9a22284fe3817be447336de3de66b15e -> 
  custom:container-demuxer-webm: 4f35f7cbe854078d1ac9338744f61a02 -> 
  custom:container-muxer-webm: aa71ff27fc2769a1b78a27578f13a17b -> 
  custom:video-decoder-webm-vp8: 9c59270c3fd7afecdb556c50c9e8de78 -> 
  custom:SearchIndexIgnoredProperties: e643bd26f0fe6173181afceb89e7c659 -> 
  custom:AudioImporter_EditorPlatform: d09bf68614088b80899f8185d706f6e7 -> 
  custom:video-encoder-webm-vp8: eb34c28f22e8b96e1ab97ce403110664 -> 
  custom:audio-decoder-ogg-vorbis: bf7c407c2cedff20999df2af8eb42d56 -> 
  custom:audio-encoder-webm-vorbis: bf7c407c2cedff20999df2af8eb42d56 -> 
========================================================================
Received Import Request.
  Time since last request: 100918.727870 seconds.
  path: Assets/Animations/main_animation.controller
  artifactKey: Guid(928f266402219f849916689c649bac6b) Importer(815301076,1909f56bfc062723c751e8b465ee728b)
Start importing Assets/Animations/main_animation.controller using Guid(928f266402219f849916689c649bac6b) Importer(815301076,1909f56bfc062723c751e8b465ee728b)  -> (artifact id: '35f4b5c11fafcd20bc8fd3d0ee294407') in 0.013090 seconds
Number of updated asset objects reloaded before import = 0
Number of asset objects unloaded after import = 4
========================================================================
Received Import Request.
  Time since last request: 20.985445 seconds.
  path: Assets/Synty
  artifactKey: Guid(800b6f30dab9abc41bee9e4cebfac6b9) Importer(815301076,1909f56bfc062723c751e8b465ee728b)
Start importing Assets/Synty using Guid(800b6f30dab9abc41bee9e4cebfac6b9) Importer(815301076,1909f56bfc062723c751e8b465ee728b)  -> (artifact id: '04eead6c87a2d20050b23ba7fa8a4693') in 0.000432 seconds
Number of updated asset objects reloaded before import = 0
Number of asset objects unloaded after import = 0
========================================================================
Received Import Request.
  Time since last request: 0.979893 seconds.
  path: Assets/Synty/AnimationBaseLocomotion
  artifactKey: Guid(828309e42567c0d46be5cc7b0d9ea00c) Importer(815301076,1909f56bfc062723c751e8b465ee728b)
Start importing Assets/Synty/AnimationBaseLocomotion using Guid(828309e42567c0d46be5cc7b0d9ea00c) Importer(815301076,1909f56bfc062723c751e8b465ee728b)  -> (artifact id: '4a4c466263d9f8b8fe12116c0ecab553') in 0.000379 seconds
Number of updated asset objects reloaded before import = 0
Number of asset objects unloaded after import = 0
========================================================================
Received Import Request.
  Time since last request: 8.679886 seconds.
  path: Assets/Synty/AnimationBaseLocomotion/Animations/Polygon/Masculine
  artifactKey: Guid(444eeb36869d8f1499138e3d1b32e9e9) Importer(815301076,1909f56bfc062723c751e8b465ee728b)
Start importing Assets/Synty/AnimationBaseLocomotion/Animations/Polygon/Masculine using Guid(444eeb36869d8f1499138e3d1b32e9e9) Importer(815301076,1909f56bfc062723c751e8b465ee728b)  -> (artifact id: '2108adc9b9dfe97da4ac0d016afa5113') in 0.000402 seconds
Number of updated asset objects reloaded before import = 0
Number of asset objects unloaded after import = 0
========================================================================
Received Import Request.
  Time since last request: 2.368153 seconds.
  path: Assets/Synty/AnimationBaseLocomotion/Animations/Polygon/Masculine/Idle
  artifactKey: Guid(b923dd08abdab944195507734809d859) Importer(815301076,1909f56bfc062723c751e8b465ee728b)
Start importing Assets/Synty/AnimationBaseLocomotion/Animations/Polygon/Masculine/Idle using Guid(b923dd08abdab944195507734809d859) Importer(815301076,1909f56bfc062723c751e8b465ee728b)  -> (artifact id: '3a988f8eb8a294fe40f33d5888922c21') in 0.000427 seconds
Number of updated asset objects reloaded before import = 0
Number of asset objects unloaded after import = 0
========================================================================
Received Import Request.
  Time since last request: 1.415712 seconds.
  path: Assets/Synty/AnimationBaseLocomotion/Animations/Polygon/Masculine/Locomotion
  artifactKey: Guid(c742c9a0162a1a7448dd45571f50cf31) Importer(815301076,1909f56bfc062723c751e8b465ee728b)
Start importing Assets/Synty/AnimationBaseLocomotion/Animations/Polygon/Masculine/Locomotion using Guid(c742c9a0162a1a7448dd45571f50cf31) Importer(815301076,1909f56bfc062723c751e8b465ee728b)  -> (artifact id: '55f22338d30aaca5d47d1acb025cdafc') in 0.000378 seconds
Number of updated asset objects reloaded before import = 0
Number of asset objects unloaded after import = 0
========================================================================
Received Import Request.
  Time since last request: 1.095122 seconds.
  path: Assets/Synty/AnimationBaseLocomotion/Animations/Polygon/Masculine/Locomotion/Run
  artifactKey: Guid(1d780300c3a1e9f4ebb4761e4527fa27) Importer(815301076,1909f56bfc062723c751e8b465ee728b)
Start importing Assets/Synty/AnimationBaseLocomotion/Animations/Polygon/Masculine/Locomotion/Run using Guid(1d780300c3a1e9f4ebb4761e4527fa27) Importer(815301076,1909f56bfc062723c751e8b465ee728b)  -> (artifact id: '2e2ee35394a5568a0e648d4f707e9478') in 0.000383 seconds
Number of updated asset objects reloaded before import = 0
Number of asset objects unloaded after import = 0
========================================================================
Received Import Request.
  Time since last request: 0.107825 seconds.
  path: Assets/Synty/AnimationBaseLocomotion/Animations/Polygon/Masculine/Locomotion/Run/A_Run_BckStrafeB_Masc.fbx
  artifactKey: Guid(b28d41dc2454f694fac9ab766e54323a) Importer(815301076,1909f56bfc062723c751e8b465ee728b)
Start importing Assets/Synty/AnimationBaseLocomotion/Animations/Polygon/Masculine/Locomotion/Run/A_Run_BckStrafeB_Masc.fbx using Guid(b28d41dc2454f694fac9ab766e54323a) Importer(815301076,1909f56bfc062723c751e8b465ee728b)  -> (artifact id: '925ce3bf87942eb2295a7189e84fa19b') in 0.018434 seconds
Number of updated asset objects reloaded before import = 0
Number of asset objects unloaded after import = 105
========================================================================
Received Import Request.
  Time since last request: 0.000013 seconds.
  path: Assets/Synty/AnimationBaseLocomotion/Animations/Polygon/Masculine/Locomotion/Run/A_Run_BckStrafeR_RootMotion_Masc.fbx
  artifactKey: Guid(1ddc8cbeb0a5d4f459a26b35ac6e9f4b) Importer(815301076,1909f56bfc062723c751e8b465ee728b)
Start importing Assets/Synty/AnimationBaseLocomotion/Animations/Polygon/Masculine/Locomotion/Run/A_Run_BckStrafeR_RootMotion_Masc.fbx using Guid(1ddc8cbeb0a5d4f459a26b35ac6e9f4b) Importer(815301076,1909f56bfc062723c751e8b465ee728b)  -> (artifact id: '670104c3975b0bdb5fd2aa0972e46302') in 0.002436 seconds
Number of updated asset objects reloaded before import = 0
Number of asset objects unloaded after import = 105
========================================================================
Received Import Request.
  Time since last request: 0.000010 seconds.
  path: Assets/Synty/AnimationBaseLocomotion/Animations/Polygon/Masculine/Locomotion/Run/A_Run_BckStrafeR_Masc.fbx
  artifactKey: Guid(27ba33530bd191943bf8f026a07c3e9a) Importer(815301076,1909f56bfc062723c751e8b465ee728b)
Start importing Assets/Synty/AnimationBaseLocomotion/Animations/Polygon/Masculine/Locomotion/Run/A_Run_BckStrafeR_Masc.fbx using Guid(27ba33530bd191943bf8f026a07c3e9a) Importer(815301076,1909f56bfc062723c751e8b465ee728b)  -> (artifact id: '7b59a309cbaea585ec3226d7f645a6e5') in 0.002621 seconds
Number of updated asset objects reloaded before import = 0
Number of asset objects unloaded after import = 105
========================================================================
Received Import Request.
  Time since last request: 0.000013 seconds.
  path: Assets/Synty/AnimationBaseLocomotion/Animations/Polygon/Masculine/Locomotion/Run/A_Run_Up25F_Masc.fbx
  artifactKey: Guid(051214e69976dad46a0adf55187e2738) Importer(815301076,1909f56bfc062723c751e8b465ee728b)
Start importing Assets/Synty/AnimationBaseLocomotion/Animations/Polygon/Masculine/Locomotion/Run/A_Run_Up25F_Masc.fbx using Guid(051214e69976dad46a0adf55187e2738) Importer(815301076,1909f56bfc062723c751e8b465ee728b)  -> (artifact id: '012b0a830a741f899c2d0873475cb28d') in 0.002691 seconds
Number of updated asset objects reloaded before import = 0
Number of asset objects unloaded after import = 105
========================================================================
Received Import Request.
  Time since last request: 0.000014 seconds.
  path: Assets/Synty/AnimationBaseLocomotion/Animations/Polygon/Masculine/Locomotion/Run/A_Run_FwdStrafeBR_Masc.fbx
  artifactKey: Guid(ae899eb338d4f7443b77e2cc71e0b29e) Importer(815301076,1909f56bfc062723c751e8b465ee728b)
Start importing Assets/Synty/AnimationBaseLocomotion/Animations/Polygon/Masculine/Locomotion/Run/A_Run_FwdStrafeBR_Masc.fbx using Guid(ae899eb338d4f7443b77e2cc71e0b29e) Importer(815301076,1909f56bfc062723c751e8b465ee728b)  -> (artifact id: 'dd5cb9472f4f41208c7de9f62ca32a51') in 0.003619 seconds
Number of updated asset objects reloaded before import = 0
Number of asset objects unloaded after import = 105
========================================================================
Received Import Request.
  Time since last request: 0.000012 seconds.
  path: Assets/Synty/AnimationBaseLocomotion/Animations/Polygon/Masculine/Locomotion/Run/A_Run_FwdStrafeFL_Masc.fbx
  artifactKey: Guid(4c272e8ffeefc6a4ab141f84a6712559) Importer(815301076,1909f56bfc062723c751e8b465ee728b)
Start importing Assets/Synty/AnimationBaseLocomotion/Animations/Polygon/Masculine/Locomotion/Run/A_Run_FwdStrafeFL_Masc.fbx using Guid(4c272e8ffeefc6a4ab141f84a6712559) Importer(815301076,1909f56bfc062723c751e8b465ee728b)  -> (artifact id: 'd464dbf7441f772a66efca03413567f5') in 0.002671 seconds
Number of updated asset objects reloaded before import = 0
Number of asset objects unloaded after import = 105
========================================================================
Received Import Request.
  Time since last request: 0.000012 seconds.
  path: Assets/Synty/AnimationBaseLocomotion/Animations/Polygon/Masculine/Locomotion/Run/A_Run_Up25F_RootMotion_Masc.fbx
  artifactKey: Guid(17ca9ad77f68cb04aaae8c33fffaa703) Importer(815301076,1909f56bfc062723c751e8b465ee728b)
Start importing Assets/Synty/AnimationBaseLocomotion/Animations/Polygon/Masculine/Locomotion/Run/A_Run_Up25F_RootMotion_Masc.fbx using Guid(17ca9ad77f68cb04aaae8c33fffaa703) Importer(815301076,1909f56bfc062723c751e8b465ee728b)  -> (artifact id: '67d6ce4344fc6bb005756ff48215cb81') in 0.002842 seconds
Number of updated asset objects reloaded before import = 0
Number of asset objects unloaded after import = 105
========================================================================
Received Import Request.
  Time since last request: 0.000010 seconds.
  path: Assets/Synty/AnimationBaseLocomotion/Animations/Polygon/Masculine/Locomotion/Run/A_Run_BckStrafeL_Masc.fbx
  artifactKey: Guid(db0a463e01ccdef4a9f42b417e66f4db) Importer(815301076,1909f56bfc062723c751e8b465ee728b)
Start importing Assets/Synty/AnimationBaseLocomotion/Animations/Polygon/Masculine/Locomotion/Run/A_Run_BckStrafeL_Masc.fbx using Guid(db0a463e01ccdef4a9f42b417e66f4db) Importer(815301076,1909f56bfc062723c751e8b465ee728b)  -> (artifact id: '9f24df405f873a77b3acf3df246e7f26') in 0.002110 seconds
Number of updated asset objects reloaded before import = 0
Number of asset objects unloaded after import = 105
========================================================================
Received Import Request.
  Time since last request: 0.000011 seconds.
  path: Assets/Synty/AnimationBaseLocomotion/Animations/Polygon/Masculine/Locomotion/Run/A_Run_BckStrafeL_RootMotion_Masc.fbx
  artifactKey: Guid(c48231f97edaf1044984637616d8f3b5) Importer(815301076,1909f56bfc062723c751e8b465ee728b)
Start importing Assets/Synty/AnimationBaseLocomotion/Animations/Polygon/Masculine/Locomotion/Run/A_Run_BckStrafeL_RootMotion_Masc.fbx using Guid(c48231f97edaf1044984637616d8f3b5) Importer(815301076,1909f56bfc062723c751e8b465ee728b)  -> (artifact id: '456d07d3cb1749fe496d81950afee335') in 0.002709 seconds
Number of updated asset objects reloaded before import = 0
Number of asset objects unloaded after import = 105
========================================================================
Received Import Request.
  Time since last request: 0.000012 seconds.
  path: Assets/Synty/AnimationBaseLocomotion/Animations/Polygon/Masculine/Locomotion/Run/A_Run_Down25F_Masc.fbx
  artifactKey: Guid(db1db6e5f2528014484e8594b6f878d3) Importer(815301076,1909f56bfc062723c751e8b465ee728b)
Start importing Assets/Synty/AnimationBaseLocomotion/Animations/Polygon/Masculine/Locomotion/Run/A_Run_Down25F_Masc.fbx using Guid(db1db6e5f2528014484e8594b6f878d3) Importer(815301076,1909f56bfc062723c751e8b465ee728b)  -> (artifact id: '57c5e83c7cd6020dbd16b9e5c69b07a4') in 0.003099 seconds
Number of updated asset objects reloaded before import = 0
Number of asset objects unloaded after import = 105
========================================================================
Received Import Request.
  Time since last request: 0.000013 seconds.
  path: Assets/Synty/AnimationBaseLocomotion/Animations/Polygon/Masculine/Locomotion/Run/A_Run_BckStrafeFL_RootMotion_Masc.fbx
  artifactKey: Guid(2a9901656b11a824ca6fb1ea1c8dca99) Importer(815301076,1909f56bfc062723c751e8b465ee728b)
Start importing Assets/Synty/AnimationBaseLocomotion/Animations/Polygon/Masculine/Locomotion/Run/A_Run_BckStrafeFL_RootMotion_Masc.fbx using Guid(2a9901656b11a824ca6fb1ea1c8dca99) Importer(815301076,1909f56bfc062723c751e8b465ee728b)  -> (artifact id: 'ad40e18b8c0b753b0e0b15afd3b76513') in 0.003374 seconds
Number of updated asset objects reloaded before import = 0
Number of asset objects unloaded after import = 105
========================================================================
Received Import Request.
  Time since last request: 0.000010 seconds.
  path: Assets/Synty/AnimationBaseLocomotion/Animations/Polygon/Masculine/Locomotion/Run/A_Run_FwdStrafeL_Masc.fbx
  artifactKey: Guid(d294a4226e928db4fbbd933c19ccf5a1) Importer(815301076,1909f56bfc062723c751e8b465ee728b)
Start importing Assets/Synty/AnimationBaseLocomotion/Animations/Polygon/Masculine/Locomotion/Run/A_Run_FwdStrafeL_Masc.fbx using Guid(d294a4226e928db4fbbd933c19ccf5a1) Importer(815301076,1909f56bfc062723c751e8b465ee728b)  -> (artifact id: 'd681776566a261d3186354f142f3ccf3') in 0.003204 seconds
Number of updated asset objects reloaded before import = 0
Number of asset objects unloaded after import = 105
========================================================================
Received Import Request.
  Time since last request: 0.000013 seconds.
  path: Assets/Synty/AnimationBaseLocomotion/Animations/Polygon/Masculine/Locomotion/Run/A_Run_FwdStrafeFL_RootMotion_Masc.fbx
  artifactKey: Guid(a2d73bf5694658d4a93f5796ffe5fb5b) Importer(815301076,1909f56bfc062723c751e8b465ee728b)
Start importing Assets/Synty/AnimationBaseLocomotion/Animations/Polygon/Masculine/Locomotion/Run/A_Run_FwdStrafeFL_RootMotion_Masc.fbx using Guid(a2d73bf5694658d4a93f5796ffe5fb5b) Importer(815301076,1909f56bfc062723c751e8b465ee728b)  -> (artifact id: '8f324f60f6583bf17a91ee73ae2dcbd1') in 0.003228 seconds
Number of updated asset objects reloaded before import = 0
Number of asset objects unloaded after import = 105
========================================================================
Received Import Request.
  Time since last request: 0.000012 seconds.
  path: Assets/Synty/AnimationBaseLocomotion/Animations/Polygon/Masculine/Locomotion/Run/A_Run_F_RootMotion_Masc.fbx
  artifactKey: Guid(8b45cba6e566e0847aa0b9eee86847b9) Importer(815301076,1909f56bfc062723c751e8b465ee728b)
Start importing Assets/Synty/AnimationBaseLocomotion/Animations/Polygon/Masculine/Locomotion/Run/A_Run_F_RootMotion_Masc.fbx using Guid(8b45cba6e566e0847aa0b9eee86847b9) Importer(815301076,1909f56bfc062723c751e8b465ee728b)  -> (artifact id: 'bc94801a0affd2f10e732a822cc40321') in 0.002210 seconds
Number of updated asset objects reloaded before import = 0
Number of asset objects unloaded after import = 105
========================================================================
Received Import Request.
  Time since last request: 0.000011 seconds.
  path: Assets/Synty/AnimationBaseLocomotion/Animations/Polygon/Masculine/Locomotion/Run/A_Run_BckStrafeBL_Masc.fbx
  artifactKey: Guid(d466621781c6a7449aa01e5ac0dd2c0f) Importer(815301076,1909f56bfc062723c751e8b465ee728b)
Start importing Assets/Synty/AnimationBaseLocomotion/Animations/Polygon/Masculine/Locomotion/Run/A_Run_BckStrafeBL_Masc.fbx using Guid(d466621781c6a7449aa01e5ac0dd2c0f) Importer(815301076,1909f56bfc062723c751e8b465ee728b)  -> (artifact id: '0b5f0c50caca3e16663521aae910ab2e') in 0.002132 seconds
Number of updated asset objects reloaded before import = 0
Number of asset objects unloaded after import = 105
========================================================================
Received Import Request.
  Time since last request: 0.000011 seconds.
  path: Assets/Synty/AnimationBaseLocomotion/Animations/Polygon/Masculine/Locomotion/Run/A_Run_FwdStrafeFR_Masc.fbx
  artifactKey: Guid(b982f3686334e9248b6b2020e5682d9e) Importer(815301076,1909f56bfc062723c751e8b465ee728b)
Start importing Assets/Synty/AnimationBaseLocomotion/Animations/Polygon/Masculine/Locomotion/Run/A_Run_FwdStrafeFR_Masc.fbx using Guid(b982f3686334e9248b6b2020e5682d9e) Importer(815301076,1909f56bfc062723c751e8b465ee728b)  -> (artifact id: '2113f36326400452c8e0842ab897c769') in 0.002661 seconds
Number of updated asset objects reloaded before import = 0
Number of asset objects unloaded after import = 105
========================================================================
Received Import Request.
  Time since last request: 0.000008 seconds.
  path: Assets/Synty/AnimationBaseLocomotion/Animations/Polygon/Masculine/Locomotion/Run/A_Run_FwdStrafeR_Masc.fbx
  artifactKey: Guid(4699ac7f1156bfc4dba616d9b3a05234) Importer(815301076,1909f56bfc062723c751e8b465ee728b)
Start importing Assets/Synty/AnimationBaseLocomotion/Animations/Polygon/Masculine/Locomotion/Run/A_Run_FwdStrafeR_Masc.fbx using Guid(4699ac7f1156bfc4dba616d9b3a05234) Importer(815301076,1909f56bfc062723c751e8b465ee728b)  -> (artifact id: '42424ff881e771d334fe14622e6f1589') in 0.002101 seconds
Number of updated asset objects reloaded before import = 0
Number of asset objects unloaded after import = 105
========================================================================
Received Prepare
Begin MonoManager ReloadAssembly
- Loaded All Assemblies, in  0.377 seconds
Refreshing native plugins compatible for Editor in 2.31 ms, found 3 plugins.
Native extension for WindowsStandalone target not found
Native extension for WebGL target not found
[Package Manager] Server::EnsureServerProcessIsRunning -- launch failed, reason: Unity was launched with the -noUpm command-line argument
[Package Manager] UpmClient::Send -- Unable to send message (not connected to UPM process).
[Package Manager] Cannot connect to Unity Package Manager local server
Mono: successfully reloaded assembly
- Finished resetting the current domain, in  1.033 seconds
Domain Reload Profiling: 1408ms
	BeginReloadAssembly (140ms)
		ExecutionOrderSort (0ms)
		DisableScriptedObjects (4ms)
		BackupInstance (0ms)
		ReleaseScriptingObjects (0ms)
		CreateAndSetChildDomain (34ms)
	RebuildCommonClasses (26ms)
	RebuildNativeTypeToScriptingClass (8ms)
	initialDomainReloadingComplete (25ms)
	LoadAllAssembliesAndSetupDomain (175ms)
		LoadAssemblies (237ms)
		RebuildTransferFunctionScriptingTraits (0ms)
		AnalyzeDomain (14ms)
			TypeCache.Refresh (7ms)
				TypeCache.ScanAssembly (0ms)
			ScanForSourceGeneratedMonoScriptInfo (0ms)
			ResolveRequiredComponents (4ms)
	FinalizeReload (1034ms)
		ReleaseScriptCaches (0ms)
		RebuildScriptCaches (0ms)
		SetupLoadedEditorAssemblies (626ms)
			LogAssemblyErrors (0ms)
			InitializePlatformSupportModulesInManaged (9ms)
			SetLoadedEditorAssemblies (4ms)
			RefreshPlugins (0ms)
			BeforeProcessingInitializeOnLoad (68ms)
			ProcessInitializeOnLoadAttributes (515ms)
			ProcessInitializeOnLoadMethodAttributes (21ms)
			AfterProcessingInitializeOnLoad (9ms)
			EditorAssembliesLoaded (0ms)
		ExecutionOrderSort2 (0ms)
		AwakeInstancesAfterBackupRestoration (8ms)
Refreshing native plugins compatible for Editor in 2.62 ms, found 3 plugins.
Preloading 0 native plugins for Editor in 0.00 ms.
Unloading 3096 Unused Serialized files (Serialized files now loaded: 0)
Unloading 24 unused Assets / (31.6 KB). Loaded Objects now: 3575.
Memory consumption went from 124.7 MB to 124.7 MB.
Total: 3.885000 ms (FindLiveObjects: 0.390200 ms CreateObjectMapping: 0.193500 ms MarkObjects: 3.250100 ms  DeleteObjects: 0.050300 ms)

Prepare: number of updated asset objects reloaded= 0
AssetImportParameters requested are different than current active one (requested -> active):
  custom:container-demuxer-ogg: 62fdf1f143b41e24485cea50d1cbac27 -> 
  custom:video-codec-MediaFoundation-h265: 746d11721c4dcdbdad8f713fa42b33f4 -> 
  custom:video-decoder-ogg-theora: a1e56fd34408186e4bbccfd4996cb3dc -> 
  custom:framework-win-MediaFoundation: 216162199b28c13a410421893ffa2e32 -> 
  custom:CustomObjectIndexerAttribute: 9a22284fe3817be447336de3de66b15e -> 
  custom:container-demuxer-webm: 4f35f7cbe854078d1ac9338744f61a02 -> 
  custom:container-muxer-webm: aa71ff27fc2769a1b78a27578f13a17b -> 
  custom:video-decoder-webm-vp8: 9c59270c3fd7afecdb556c50c9e8de78 -> 
  custom:SearchIndexIgnoredProperties: e643bd26f0fe6173181afceb89e7c659 -> 
  custom:AudioImporter_EditorPlatform: d09bf68614088b80899f8185d706f6e7 -> 
  custom:video-encoder-webm-vp8: eb34c28f22e8b96e1ab97ce403110664 -> 
  custom:audio-decoder-ogg-vorbis: bf7c407c2cedff20999df2af8eb42d56 -> 
  custom:audio-encoder-webm-vorbis: bf7c407c2cedff20999df2af8eb42d56 -> 
========================================================================
Received Import Request.
  Time since last request: 45.778373 seconds.
  path: Assets/Synty/AnimationBaseLocomotion/Animations/Polygon/Masculine/Locomotion/Sprint/A_Sprint_Down25F_RootMotion_Masc.fbx
  artifactKey: Guid(fc8bc4166a5873246bc7a0150b3920ce) Importer(815301076,1909f56bfc062723c751e8b465ee728b)
Start importing Assets/Synty/AnimationBaseLocomotion/Animations/Polygon/Masculine/Locomotion/Sprint/A_Sprint_Down25F_RootMotion_Masc.fbx using Guid(fc8bc4166a5873246bc7a0150b3920ce) Importer(815301076,1909f56bfc062723c751e8b465ee728b)  -> (artifact id: 'dd0b3a5539f82874f0544894d6fc0f89') in 0.024334 seconds
Number of updated asset objects reloaded before import = 0
Number of asset objects unloaded after import = 105
========================================================================
Received Import Request.
  Time since last request: 0.000012 seconds.
  path: Assets/Synty/AnimationBaseLocomotion/Animations/Polygon/Masculine/Locomotion/Sprint/A_Sprint_Up25F_Masc.fbx
  artifactKey: Guid(4de3c8a78ac4b784ba488361340c847a) Importer(815301076,1909f56bfc062723c751e8b465ee728b)
Start importing Assets/Synty/AnimationBaseLocomotion/Animations/Polygon/Masculine/Locomotion/Sprint/A_Sprint_Up25F_Masc.fbx using Guid(4de3c8a78ac4b784ba488361340c847a) Importer(815301076,1909f56bfc062723c751e8b465ee728b)  -> (artifact id: '87e85dc6d71301f4e61ca022ed635373') in 0.003087 seconds
Number of updated asset objects reloaded before import = 0
Number of asset objects unloaded after import = 105
Editor requested this worker to shutdown with reason: Scaling down because of idle timeout
TcpMessagingSession - receive error: operation aborted. errorcode: 995, details: La operación de E/S se anuló por una salida de subproceso o por una solicitud de aplicación.
AssetImportWorker is now disconnected from the server
Process exiting
Exiting without the bug reporter. Application will terminate with return code 0